#
# A fatal error has been detected by the Java Runtime Environment:
#
#  EXCEPTION_ACCESS_VIOLATION (0xc0000005) at pc=0x00007ffc6c94e95a, pid=15652, tid=11100
#
# JRE version: OpenJDK Runtime Environment Corretto-21.0.5.11.1 (21.0.5+11) (build 21.0.5+11-LTS)
# Java VM: OpenJDK 64-Bit Server VM Corretto-21.0.5.11.1 (21.0.5+11-LTS, mixed mode, sharing, tiered, compressed oops, compressed class ptrs, g1 gc, windows-amd64)
# Problematic frame:
# C  [ntdll.dll+0x2e95a]
[error occurred during error reporting (printing problematic frame), id 0xc0000005, EXCEPTION_ACCESS_VIOLATION (0xc0000005) at pc=0x00007ffc6c92f9ee]
# No core dump will be written. Minidumps are not enabled by default on client versions of Windows
#
# If you would like to submit a bug report, please visit:
#   https://github.com/corretto/corretto-21/issues/
#

---------------  S U M M A R Y ------------

Command Line: -ea -Didea.test.cyclic.buffer.size=1048576 -javaagent:C:\Program Files\JetBrains\IntelliJ IDEA 2024.3.1\lib\idea_rt.jar=60208:C:\Program Files\JetBrains\IntelliJ IDEA 2024.3.1\bin -javaagent:C:\Users\Thiba\AppData\Local\JetBrains\IntelliJIdea2024.3\captureAgent\debugger-agent.jar -Dkotlinx.coroutines.debug.enable.creation.stack.trace=false -Ddebugger.agent.enable.coroutines=true -Dkotlinx.coroutines.debug.enable.flows.stack.trace=true -Dkotlinx.coroutines.debug.enable.mutable.state.flows.stack.trace=true -Dfile.encoding=UTF-8 -Dsun.stdout.encoding=UTF-8 -Dsun.stderr.encoding=UTF-8 com.intellij.rt.junit.JUnitStarter -ideVersion5 -junit5 org.example.exo13.MusiqueService.MusiqueServiceTest

Host: AMD Ryzen 7 7435HS                             , 16 cores, 15G,  Windows 11 , 64 bit Build 26100 (10.0.26100.2454)
Time: Thu Jan 23 12:01:49 2025 Paris, Madrid elapsed time: 1.750991 seconds (0d 0h 0m 1s)

---------------  T H R E A D  ---------------

Current thread (0x0000021a06c54510):  VMThread "VM Thread"          [id=11100, stack(0x0000009a62000000,0x0000009a62100000) (1024K)]

Stack: [0x0000009a62000000,0x0000009a62100000],  sp=0x0000009a620febf0,  free space=1018k
Native frames: (J=compiled Java code, j=interpreted, Vv=VM code, C=native code)
C  [ntdll.dll+0x2e95a]
[error occurred during error reporting (printing native stack (with source info)), id 0xc0000005, EXCEPTION_ACCESS_VIOLATION (0xc0000005) at pc=0x00007ffc6c92f9ee]

Retrying call stack printing without source information...
Native frames: (J=compiled Java code, j=interpreted, Vv=VM code, C=native code)
C  [ntdll.dll+0x2e95a]
[error occurred during error reporting (retry printing native stack (no source info)), id 0xc0000005, EXCEPTION_ACCESS_VIOLATION (0xc0000005) at pc=0x00007ffc6c92f9ee]

siginfo: EXCEPTION_ACCESS_VIOLATION (0xc0000005), reading address 0x0000000000004588


Registers:
RAX=0x0000000000001d04, RBX=0x00007ffc6ca9d490, RCX=0x00000000000062fd, RDX=0x0000000000001d04
RSP=0x0000009a620febf0, RBP=0x0000021a64e40000, RSI=0x0000021a64e44520, RDI=0x0000021a64e40150
R8 =0x0000021a50e2cbf0, R9 =0x0000000000000000, R10=0x0000000000000000, R11=0x0000009a620fed30
R12=0x0000000002000002, R13=0x0000000000008001, R14=0x0000000000004590, R15=0x0000000035191d04
RIP=0x00007ffc6c94e95a, EFLAGS=0x0000000000010206


Register to memory mapping:

RAX=0x0000000000001d04 is an unknown value
RBX=0x00007ffc6ca9d490 ntdll.dll
[error occurred during error reporting (printing register info), id 0xc0000005, EXCEPTION_ACCESS_VIOLATION (0xc0000005) at pc=0x00007ffc6c92f9ee]
RCX=0x00000000000062fd is an unknown value
RDX=0x0000000000001d04 is an unknown value
RSP=0x0000009a620febf0 points into unknown readable memory: 0x0000021a00000001 | 01 00 00 00 1a 02 00 00
RBP=0x0000021a64e40000 points into unknown readable memory: 0x0000000000000000 | 00 00 00 00 00 00 00 00
RSI=0x0000021a64e44520 points into unknown readable memory: 0x0000000000000000 | 00 00 00 00 00 00 00 00
RDI=0x0000021a64e40150 points into unknown readable memory: 0x0000021a4f3d0470 | 70 04 3d 4f 1a 02 00 00
R8 =0x0000021a50e2cbf0 points into unknown readable memory: 0x0000000000000000 | 00 00 00 00 00 00 00 00
R9 =0x0 is null
R10=0x0 is null
R11=0x0000009a620fed30 points into unknown readable memory: 0x0000021a64e40000 | 00 00 e4 64 1a 02 00 00
R12=0x0000000002000002 is an unknown value
R13=0x0000000000008001 is an unknown value
R14=0x0000000000004590 is an unknown value
R15=0x0000000035191d04 is an unknown value

Top of Stack: (sp=0x0000009a620febf0)
0x0000009a620febf0:   0000021a00000001 00007ffc00000000
0x0000009a620fec00:   0000000000000000 0000000000000101
0x0000009a620fec10:   0000000000000000 0000000000000000
0x0000009a620fec20:   0000800150311c10 0000000000008001
0x0000009a620fec30:   0000021a507c0000 0000009a620fec50
0x0000009a620fec40:   0000000000000000 0000000000000000
0x0000009a620fec50:   0000021a50e3abf0 0000000000000000
0x0000009a620fec60:   0000000000008001 0000009a620fecf0
0x0000009a620fec70:   0000021a64e40000 00007ffc6c9dd2d2
0x0000009a620fec80:   0000021a50e3abf0 0000021a50e3abf0
0x0000009a620fec90:   0000000000008001 0000021a50317801
0x0000009a620feca0:   0000000000000101 0000021a50bb9500
0x0000009a620fecb0:   0000000000000101 0000000000000000
0x0000009a620fecc0:   0000000000000000 0000000000000000
0x0000009a620fecd0:   0000009a620fed30 0000000000000000
0x0000009a620fece0:   0000000000000000 00007ffc03000003
0x0000009a620fecf0:   00007ffc52560000 0000000000000000
0x0000009a620fed00:   000000007ffe0301 0000000000000000
0x0000009a620fed10:   0000021a50ebac00 0000021a50e3abf0
0x0000009a620fed20:   0000021a4e1dfd78 00007ffc6c94a83a
0x0000009a620fed30:   0000021a64e40000 0000021a64e40000
0x0000009a620fed40:   0000000000008001 0000000000000000
0x0000009a620fed50:   0000021a503178c0 00007ffc6c952871
0x0000009a620fed60:   0000021a50310000 00007ffc55d5e118
0x0000009a620fed70:   0000000000000001 0000000000008001
0x0000009a620fed80:   0000000000000101 00007ffc552b3b00
0x0000009a620fed90:   0000000000000000 00007ffc552d5f70
0x0000009a620feda0:   00007ffc00000001 0000000000000000
0x0000009a620fedb0:   0000000000000000 00007ffc552d5f68
0x0000009a620fedc0:   0000000000000000 00007ffc55d2ca75
0x0000009a620fedd0:   00000000000001ff 0000000000000001
0x0000009a620fede0:   0000021a50310758 0000000000000001 

Instructions: (pc=0x00007ffc6c94e95a)
0x00007ffc6c94e85a:   01 0f 8c c8 fa ff ff f6 42 0a 08 0f 85 be fa ff
0x00007ffc6c94e86a:   ff 48 8d 82 ff 0f 00 00 48 25 00 f0 ff ff 48 3b
0x00007ffc6c94e87a:   c3 0f 84 a8 fa ff ff 65 48 8b 04 25 60 00 00 00
0x00007ffc6c94e88a:   48 83 78 18 00 0f 85 b4 01 00 00 48 8d 0d e0 87
0x00007ffc6c94e89a:   14 00 e8 0f e0 ff ff 48 8d 0d 18 89 14 00 e8 03
0x00007ffc6c94e8aa:   e0 ff ff b9 01 00 00 00 e8 19 02 00 00 4c 8b 84
0x00007ffc6c94e8ba:   24 a0 00 00 00 e9 65 fa ff ff 83 3d 2d e0 19 00
0x00007ffc6c94e8ca:   01 0f 8c 92 fb ff ff 48 8d 83 ff 0f 00 00 48 25
0x00007ffc6c94e8da:   00 f0 ff ff 48 3b c3 0f 84 7c fb ff ff 65 48 8b
0x00007ffc6c94e8ea:   04 25 60 00 00 00 48 83 78 18 00 0f 85 11 01 00
0x00007ffc6c94e8fa:   00 48 8d 0d 7a 87 14 00 e8 a9 df ff ff 48 8d 0d
0x00007ffc6c94e90a:   12 88 14 00 e8 9d df ff ff b9 01 00 00 00 e8 b3
0x00007ffc6c94e91a:   01 00 00 e9 41 fb ff ff 41 3b f8 0f 87 59 fd ff
0x00007ffc6c94e92a:   ff 41 8b 51 04 49 83 c1 04 ff c7 85 d2 0f 85 82
0x00007ffc6c94e93a:   fc ff ff eb e3 83 7e 0c 00 0f 85 bb 00 00 00 48
0x00007ffc6c94e94a:   8b 46 30 4e 8b 34 f0 49 3b fe 0f 84 25 fd ff ff
0x00007ffc6c94e95a:   41 8b 56 f8 4d 8d 46 f0 83 7d 7c 00 74 3e 33 95
0x00007ffc6c94e96a:   88 00 00 00 8b ca 8b c2 c1 e8 08 44 8b fa c1 e9
0x00007ffc6c94e97a:   10 32 c8 8b c2 c1 e8 18 32 ca 3a c1 74 1e 33 c0
0x00007ffc6c94e98a:   45 33 c9 48 89 44 24 28 48 8b d5 48 89 44 24 20
0x00007ffc6c94e99a:   8d 48 03 e8 8e ad ff ff 41 0f b7 d7 8b 4c 24 38
0x00007ffc6c94e9aa:   0f b7 c2 2b c8 85 c9 7e 05 4d 8b 36 eb 99 4c 8b
0x00007ffc6c94e9ba:   6c 24 38 49 8b fe e9 35 fc ff ff 48 c1 e9 08 0f
0x00007ffc6c94e9ca:   b6 c1 0f b6 0c 18 83 c1 08 e9 09 fc ff ff 48 8b
0x00007ffc6c94e9da:   3f e9 1a fc ff ff 48 c1 e9 10 0f b6 c1 0f b6 0c
0x00007ffc6c94e9ea:   18 83 c1 10 e9 ee fb ff ff 49 8b 38 e9 21 fc ff
0x00007ffc6c94e9fa:   ff 0f b7 47 f8 e9 9c fd ff ff 45 03 f6 e9 3d ff
0x00007ffc6c94ea0a:   ff ff 65 48 8b 04 25 60 00 00 00 48 8d 0d 6c 86
0x00007ffc6c94ea1a:   14 00 48 8b 50 18 48 8b 52 10 48 83 c2 58 e8 83
0x00007ffc6c94ea2a:   de ff ff e9 d5 fe ff ff 32 c9 be f0 fe 00 00 49
0x00007ffc6c94ea3a:   81 f8 01 ff 00 00 66 0f 45 f2 e9 27 f9 ff ff 65
0x00007ffc6c94ea4a:   48 8b 04 25 60 00 00 00 48 8b 48 18 48 8b 51 10 


Stack slot to memory mapping:

stack at sp + 0 slots: 0x0000021a00000001 points into unknown readable memory: 00 00 00 00 00 00 00
stack at sp + 1 slots: 0x00007ffc00000000 is an unknown value
stack at sp + 2 slots: 0x0 is null
stack at sp + 3 slots: 0x0000000000000101 is an unknown value
stack at sp + 4 slots: 0x0 is null
stack at sp + 5 slots: 0x0 is null
stack at sp + 6 slots: 0x0000800150311c10 is an unknown value
stack at sp + 7 slots: 0x0000000000008001 is an unknown value

VM_Operation (0x0000009a619ff020): Exit, mode: safepoint, requested by thread 0x0000021a64e81ac0


---------------  P R O C E S S  ---------------

Threads class SMR info:
_java_thread_list=0x0000021a4e541540, length=23, elements={
0x0000021a64e81ac0, 0x0000021a06c740f0, 0x0000021a06c74d40, 0x0000021a06c7c740,
0x0000021a06c7d190, 0x0000021a06c7dbe0, 0x0000021a06c86770, 0x0000021a06c8ab20,
0x0000021a06c8b810, 0x0000021a4c107470, 0x0000021a4c12d470, 0x0000021a4c14bfd0,
0x0000021a4c156d00, 0x0000021a4c1bb2c0, 0x0000021a4c298a10, 0x0000021a4c46ea50,
0x0000021a4c6c2fe0, 0x0000021a4c606080, 0x0000021a4c661990, 0x0000021a4d729920,
0x0000021a4de3aa40, 0x0000021a4e19ddd0, 0x0000021a4ddeb0c0
}

Java Threads: ( => current thread )
  0x0000021a64e81ac0 JavaThread "main"                              [_thread_blocked, id=11376, stack(0x0000009a61900000,0x0000009a61a00000) (1024K)]
  0x0000021a06c740f0 JavaThread "Reference Handler"          daemon [_thread_blocked, id=964, stack(0x0000009a62100000,0x0000009a62200000) (1024K)]
  0x0000021a06c74d40 JavaThread "Finalizer"                  daemon [_thread_blocked, id=20888, stack(0x0000009a62200000,0x0000009a62300000) (1024K)]
  0x0000021a06c7c740 JavaThread "Signal Dispatcher"          daemon [_thread_blocked, id=12132, stack(0x0000009a62300000,0x0000009a62400000) (1024K)]
  0x0000021a06c7d190 JavaThread "Attach Listener"            daemon [_thread_blocked, id=26024, stack(0x0000009a62400000,0x0000009a62500000) (1024K)]
  0x0000021a06c7dbe0 JavaThread "Service Thread"             daemon [_thread_blocked, id=5248, stack(0x0000009a62500000,0x0000009a62600000) (1024K)]
  0x0000021a06c86770 JavaThread "Monitor Deflation Thread"   daemon [_thread_blocked, id=20376, stack(0x0000009a62600000,0x0000009a62700000) (1024K)]
  0x0000021a06c8ab20 JavaThread "C2 CompilerThread0"         daemon [_thread_blocked, id=20228, stack(0x0000009a62700000,0x0000009a62800000) (1024K)]
  0x0000021a06c8b810 JavaThread "C1 CompilerThread0"         daemon [_thread_blocked, id=21200, stack(0x0000009a62800000,0x0000009a62900000) (1024K)]
  0x0000021a4c107470 JavaThread "Common-Cleaner"             daemon [_thread_blocked, id=24508, stack(0x0000009a62900000,0x0000009a62a00000) (1024K)]
  0x0000021a4c12d470 JavaThread "C1 CompilerThread1"         daemon [_thread_blocked, id=23340, stack(0x0000009a62a00000,0x0000009a62b00000) (1024K)]
  0x0000021a4c14bfd0 JavaThread "C1 CompilerThread2"         daemon [_thread_blocked, id=25960, stack(0x0000009a62b00000,0x0000009a62c00000) (1024K)]
  0x0000021a4c156d00 JavaThread "C1 CompilerThread3"         daemon [_thread_blocked, id=27568, stack(0x0000009a62c00000,0x0000009a62d00000) (1024K)]
  0x0000021a4c1bb2c0 JavaThread "C2 CompilerThread1"         daemon [_thread_blocked, id=27456, stack(0x0000009a62d00000,0x0000009a62e00000) (1024K)]
  0x0000021a4c298a10 JavaThread "Monitor Ctrl-Break"         daemon [_thread_in_native, id=22408, stack(0x0000009a62f00000,0x0000009a63000000) (1024K)]
  0x0000021a4c46ea50 JavaThread "Notification Thread"        daemon [_thread_blocked, id=3108, stack(0x0000009a62e00000,0x0000009a62f00000) (1024K)]
  0x0000021a4c6c2fe0 JavaThread "C2 CompilerThread2"         daemon [_thread_blocked, id=23324, stack(0x0000009a63000000,0x0000009a63100000) (1024K)]
  0x0000021a4c606080 JavaThread "C2 CompilerThread3"         daemon [_thread_blocked, id=26848, stack(0x0000009a63100000,0x0000009a63200000) (1024K)]
  0x0000021a4c661990 JavaThread "C2 CompilerThread4"         daemon [_thread_blocked, id=10252, stack(0x0000009a63200000,0x0000009a63300000) (1024K)]
  0x0000021a4d729920 JavaThread "RMI TCP Accept-0"           daemon [_thread_in_native, id=7952, stack(0x0000009a63b00000,0x0000009a63c00000) (1024K)]
  0x0000021a4de3aa40 JavaThread "RMI TCP Connection(1)-10.10.31.4" daemon [_thread_in_native, id=27484, stack(0x0000009a63c00000,0x0000009a63d00000) (1024K)]
  0x0000021a4e19ddd0 JavaThread "RMI Scheduler(0)"           daemon [_thread_blocked, id=8780, stack(0x0000009a63d00000,0x0000009a63e00000) (1024K)]
  0x0000021a4ddeb0c0 JavaThread "JMX server connection timeout 42" daemon [_thread_blocked, id=21368, stack(0x0000009a63e00000,0x0000009a63f00000) (1024K)]
Total: 23

Other Threads:
=>0x0000021a06c54510 VMThread "VM Thread"                           [id=11100, stack(0x0000009a62000000,0x0000009a62100000) (1024K)]
  0x0000021a669374b0 WorkerThread "GC Thread#0"                     [id=12008, stack(0x0000009a61a00000,0x0000009a61b00000) (1024K)]
  0x0000021a4d7c0b90 WorkerThread "GC Thread#1"                     [id=26580, stack(0x0000009a63300000,0x0000009a63400000) (1024K)]
  0x0000021a4d69a800 WorkerThread "GC Thread#2"                     [id=6512, stack(0x0000009a63400000,0x0000009a63500000) (1024K)]
  0x0000021a4d69aba0 WorkerThread "GC Thread#3"                     [id=24488, stack(0x0000009a63500000,0x0000009a63600000) (1024K)]
  0x0000021a4d6a5660 WorkerThread "GC Thread#4"                     [id=14564, stack(0x0000009a63600000,0x0000009a63700000) (1024K)]
  0x0000021a4d80ab40 WorkerThread "GC Thread#5"                     [id=13068, stack(0x0000009a63700000,0x0000009a63800000) (1024K)]
  0x0000021a4d680850 WorkerThread "GC Thread#6"                     [id=8592, stack(0x0000009a63800000,0x0000009a63900000) (1024K)]
  0x0000021a4d681e10 WorkerThread "GC Thread#7"                     [id=22564, stack(0x0000009a63900000,0x0000009a63a00000) (1024K)]
  0x0000021a4d680f90 WorkerThread "GC Thread#8"                     [id=20276, stack(0x0000009a63a00000,0x0000009a63b00000) (1024K)]
  0x0000021a4dff38a0 WorkerThread "GC Thread#9"                     [id=19068, stack(0x0000009a63f00000,0x0000009a64000000) (1024K)]
  0x0000021a4dff22e0 WorkerThread "GC Thread#10"                    [id=21108, stack(0x0000009a64000000,0x0000009a64100000) (1024K)]
  0x0000021a4dff3160 WorkerThread "GC Thread#11"                    [id=13088, stack(0x0000009a64100000,0x0000009a64200000) (1024K)]
  0x0000021a4dff4380 WorkerThread "GC Thread#12"                    [id=19832, stack(0x0000009a64200000,0x0000009a64300000) (1024K)]
  0x0000021a66948d30 ConcurrentGCThread "G1 Main Marker"            terminated
  0x0000021a66949ee0 WorkerThread "G1 Conc#0"                       [id=2924, stack(0x0000009a61c00000,0x0000009a61d00000) (1024K)]
  0x0000021a06b0eda0 ConcurrentGCThread "G1 Refine#0"               terminated
  0x0000021a06b0f820 ConcurrentGCThread "G1 Service"                terminated
Total: 18

Threads with active compile tasks:
C2 CompilerThread2  1861 2225       4       jdk.internal.loader.URLClassPath::getResource (74 bytes)
C2 CompilerThread3  1861 2095       4       java.lang.invoke.MethodType::methodType (69 bytes)
C2 CompilerThread4  1861 2083       4       java.lang.invoke.MethodType::makeImpl (109 bytes)
Total: 3

VM state: at safepoint (shutting down)

VM Mutex/Monitor currently owned by a thread:  ([mutex/lock_event])
[0x00007ffbe87dc320] Threads_lock - owner thread: 0x0000021a06c54510
[0x00007ffbe87dc420] Heap_lock - owner thread: 0x0000021a64e81ac0

Heap address: 0x0000000704e00000, size: 4018 MB, Compressed Oops mode: Zero based, Oop shift amount: 3

CDS archive(s) mapped at: [0x0000021a07000000-0x0000021a07c80000-0x0000021a07c80000), size 13107200, SharedBaseAddress: 0x0000021a07000000, ArchiveRelocationMode: 1.
Compressed class space mapped at: 0x0000021a08000000-0x0000021a48000000, reserved size: 1073741824
Narrow klass base: 0x0000021a07000000, Narrow klass shift: 0, Narrow klass range: 0x100000000

GC Precious Log:
 CardTable entry size: 512
 Card Set container configuration: InlinePtr #cards 4 size 8 Array Of Cards #cards 16 size 48 Howl #buckets 8 coarsen threshold 3686 Howl Bitmap #cards 512 size 80 coarsen threshold 460 Card regions per heap region 1 cards per card region 4096
 CPUs: 16 total, 16 available
 Memory: 16068M
 Large Page Support: Disabled
 NUMA Support: Disabled
 Compressed Oops: Enabled (Zero based)
 Heap Region Size: 2M
 Heap Min Capacity: 8M
 Heap Initial Capacity: 252M
 Heap Max Capacity: 4018M
 Pre-touch: Disabled
 Parallel Workers: 13
 Concurrent Workers: 3
 Concurrent Refinement Workers: 13
 Periodic GC: Disabled

Heap:
 garbage-first heap   total 258048K, used 12596K [0x0000000704e00000, 0x0000000800000000)
  region size 2048K, 4 young (8192K), 1 survivors (2048K)
 Metaspace       used 15759K, committed 16128K, reserved 1114112K
  class space    used 1824K, committed 1984K, reserved 1048576K

Heap Regions: E=young(eden), S=young(survivor), O=old, HS=humongous(starts), HC=humongous(continues), CS=collection set, F=free, TAMS=top-at-mark-start, PB=parsable bottom
|   0|0x0000000704e00000, 0x0000000705000000, 0x0000000705000000|100%| O|  |TAMS 0x0000000704e00000| PB 0x0000000704e00000| Untracked 
|   1|0x0000000705000000, 0x0000000705200000, 0x0000000705200000|100%| O|  |TAMS 0x0000000705000000| PB 0x0000000705000000| Untracked 
|   2|0x0000000705200000, 0x0000000705400000, 0x0000000705400000|100%| O|  |TAMS 0x0000000705200000| PB 0x0000000705200000| Untracked 
|   3|0x0000000705400000, 0x000000070549f110, 0x0000000705600000| 31%| O|  |TAMS 0x0000000705400000| PB 0x0000000705400000| Untracked 
|   4|0x0000000705600000, 0x0000000705600000, 0x0000000705800000|  0%| F|  |TAMS 0x0000000705600000| PB 0x0000000705600000| Untracked 
|   5|0x0000000705800000, 0x0000000705800000, 0x0000000705a00000|  0%| F|  |TAMS 0x0000000705800000| PB 0x0000000705800000| Untracked 
|   6|0x0000000705a00000, 0x0000000705a00000, 0x0000000705c00000|  0%| F|  |TAMS 0x0000000705a00000| PB 0x0000000705a00000| Untracked 
|   7|0x0000000705c00000, 0x0000000705c00000, 0x0000000705e00000|  0%| F|  |TAMS 0x0000000705c00000| PB 0x0000000705c00000| Untracked 
|   8|0x0000000705e00000, 0x0000000705e00000, 0x0000000706000000|  0%| F|  |TAMS 0x0000000705e00000| PB 0x0000000705e00000| Untracked 
|   9|0x0000000706000000, 0x0000000706000000, 0x0000000706200000|  0%| F|  |TAMS 0x0000000706000000| PB 0x0000000706000000| Untracked 
|  10|0x0000000706200000, 0x0000000706200000, 0x0000000706400000|  0%| F|  |TAMS 0x0000000706200000| PB 0x0000000706200000| Untracked 
|  11|0x0000000706400000, 0x0000000706400000, 0x0000000706600000|  0%| F|  |TAMS 0x0000000706400000| PB 0x0000000706400000| Untracked 
|  12|0x0000000706600000, 0x0000000706600000, 0x0000000706800000|  0%| F|  |TAMS 0x0000000706600000| PB 0x0000000706600000| Untracked 
|  13|0x0000000706800000, 0x0000000706800000, 0x0000000706a00000|  0%| F|  |TAMS 0x0000000706800000| PB 0x0000000706800000| Untracked 
|  14|0x0000000706a00000, 0x0000000706a00000, 0x0000000706c00000|  0%| F|  |TAMS 0x0000000706a00000| PB 0x0000000706a00000| Untracked 
|  15|0x0000000706c00000, 0x0000000706c00000, 0x0000000706e00000|  0%| F|  |TAMS 0x0000000706c00000| PB 0x0000000706c00000| Untracked 
|  16|0x0000000706e00000, 0x0000000706e00000, 0x0000000707000000|  0%| F|  |TAMS 0x0000000706e00000| PB 0x0000000706e00000| Untracked 
|  17|0x0000000707000000, 0x0000000707000000, 0x0000000707200000|  0%| F|  |TAMS 0x0000000707000000| PB 0x0000000707000000| Untracked 
|  18|0x0000000707200000, 0x0000000707200000, 0x0000000707400000|  0%| F|  |TAMS 0x0000000707200000| PB 0x0000000707200000| Untracked 
|  19|0x0000000707400000, 0x0000000707400000, 0x0000000707600000|  0%| F|  |TAMS 0x0000000707400000| PB 0x0000000707400000| Untracked 
|  20|0x0000000707600000, 0x0000000707600000, 0x0000000707800000|  0%| F|  |TAMS 0x0000000707600000| PB 0x0000000707600000| Untracked 
|  21|0x0000000707800000, 0x0000000707800000, 0x0000000707a00000|  0%| F|  |TAMS 0x0000000707800000| PB 0x0000000707800000| Untracked 
|  22|0x0000000707a00000, 0x0000000707a00000, 0x0000000707c00000|  0%| F|  |TAMS 0x0000000707a00000| PB 0x0000000707a00000| Untracked 
|  23|0x0000000707c00000, 0x0000000707c00000, 0x0000000707e00000|  0%| F|  |TAMS 0x0000000707c00000| PB 0x0000000707c00000| Untracked 
|  24|0x0000000707e00000, 0x0000000707e00000, 0x0000000708000000|  0%| F|  |TAMS 0x0000000707e00000| PB 0x0000000707e00000| Untracked 
|  25|0x0000000708000000, 0x0000000708000000, 0x0000000708200000|  0%| F|  |TAMS 0x0000000708000000| PB 0x0000000708000000| Untracked 
|  26|0x0000000708200000, 0x0000000708200000, 0x0000000708400000|  0%| F|  |TAMS 0x0000000708200000| PB 0x0000000708200000| Untracked 
|  27|0x0000000708400000, 0x0000000708400000, 0x0000000708600000|  0%| F|  |TAMS 0x0000000708400000| PB 0x0000000708400000| Untracked 
|  28|0x0000000708600000, 0x0000000708600000, 0x0000000708800000|  0%| F|  |TAMS 0x0000000708600000| PB 0x0000000708600000| Untracked 
|  29|0x0000000708800000, 0x0000000708800000, 0x0000000708a00000|  0%| F|  |TAMS 0x0000000708800000| PB 0x0000000708800000| Untracked 
|  30|0x0000000708a00000, 0x0000000708a00000, 0x0000000708c00000|  0%| F|  |TAMS 0x0000000708a00000| PB 0x0000000708a00000| Untracked 
|  31|0x0000000708c00000, 0x0000000708c00000, 0x0000000708e00000|  0%| F|  |TAMS 0x0000000708c00000| PB 0x0000000708c00000| Untracked 
|  32|0x0000000708e00000, 0x0000000708e00000, 0x0000000709000000|  0%| F|  |TAMS 0x0000000708e00000| PB 0x0000000708e00000| Untracked 
|  33|0x0000000709000000, 0x0000000709000000, 0x0000000709200000|  0%| F|  |TAMS 0x0000000709000000| PB 0x0000000709000000| Untracked 
|  34|0x0000000709200000, 0x0000000709200000, 0x0000000709400000|  0%| F|  |TAMS 0x0000000709200000| PB 0x0000000709200000| Untracked 
|  35|0x0000000709400000, 0x0000000709400000, 0x0000000709600000|  0%| F|  |TAMS 0x0000000709400000| PB 0x0000000709400000| Untracked 
|  36|0x0000000709600000, 0x0000000709600000, 0x0000000709800000|  0%| F|  |TAMS 0x0000000709600000| PB 0x0000000709600000| Untracked 
|  37|0x0000000709800000, 0x0000000709800000, 0x0000000709a00000|  0%| F|  |TAMS 0x0000000709800000| PB 0x0000000709800000| Untracked 
|  38|0x0000000709a00000, 0x0000000709a00000, 0x0000000709c00000|  0%| F|  |TAMS 0x0000000709a00000| PB 0x0000000709a00000| Untracked 
|  39|0x0000000709c00000, 0x0000000709c00000, 0x0000000709e00000|  0%| F|  |TAMS 0x0000000709c00000| PB 0x0000000709c00000| Untracked 
|  40|0x0000000709e00000, 0x0000000709e00000, 0x000000070a000000|  0%| F|  |TAMS 0x0000000709e00000| PB 0x0000000709e00000| Untracked 
|  41|0x000000070a000000, 0x000000070a000000, 0x000000070a200000|  0%| F|  |TAMS 0x000000070a000000| PB 0x000000070a000000| Untracked 
|  42|0x000000070a200000, 0x000000070a200000, 0x000000070a400000|  0%| F|  |TAMS 0x000000070a200000| PB 0x000000070a200000| Untracked 
|  43|0x000000070a400000, 0x000000070a400000, 0x000000070a600000|  0%| F|  |TAMS 0x000000070a400000| PB 0x000000070a400000| Untracked 
|  44|0x000000070a600000, 0x000000070a600000, 0x000000070a800000|  0%| F|  |TAMS 0x000000070a600000| PB 0x000000070a600000| Untracked 
|  45|0x000000070a800000, 0x000000070a800000, 0x000000070aa00000|  0%| F|  |TAMS 0x000000070a800000| PB 0x000000070a800000| Untracked 
|  46|0x000000070aa00000, 0x000000070aa00000, 0x000000070ac00000|  0%| F|  |TAMS 0x000000070aa00000| PB 0x000000070aa00000| Untracked 
|  47|0x000000070ac00000, 0x000000070ac00000, 0x000000070ae00000|  0%| F|  |TAMS 0x000000070ac00000| PB 0x000000070ac00000| Untracked 
|  48|0x000000070ae00000, 0x000000070ae00000, 0x000000070b000000|  0%| F|  |TAMS 0x000000070ae00000| PB 0x000000070ae00000| Untracked 
|  49|0x000000070b000000, 0x000000070b000000, 0x000000070b200000|  0%| F|  |TAMS 0x000000070b000000| PB 0x000000070b000000| Untracked 
|  50|0x000000070b200000, 0x000000070b200000, 0x000000070b400000|  0%| F|  |TAMS 0x000000070b200000| PB 0x000000070b200000| Untracked 
|  51|0x000000070b400000, 0x000000070b400000, 0x000000070b600000|  0%| F|  |TAMS 0x000000070b400000| PB 0x000000070b400000| Untracked 
|  52|0x000000070b600000, 0x000000070b600000, 0x000000070b800000|  0%| F|  |TAMS 0x000000070b600000| PB 0x000000070b600000| Untracked 
|  53|0x000000070b800000, 0x000000070b800000, 0x000000070ba00000|  0%| F|  |TAMS 0x000000070b800000| PB 0x000000070b800000| Untracked 
|  54|0x000000070ba00000, 0x000000070ba00000, 0x000000070bc00000|  0%| F|  |TAMS 0x000000070ba00000| PB 0x000000070ba00000| Untracked 
|  55|0x000000070bc00000, 0x000000070bc00000, 0x000000070be00000|  0%| F|  |TAMS 0x000000070bc00000| PB 0x000000070bc00000| Untracked 
|  56|0x000000070be00000, 0x000000070be00000, 0x000000070c000000|  0%| F|  |TAMS 0x000000070be00000| PB 0x000000070be00000| Untracked 
|  57|0x000000070c000000, 0x000000070c000000, 0x000000070c200000|  0%| F|  |TAMS 0x000000070c000000| PB 0x000000070c000000| Untracked 
|  58|0x000000070c200000, 0x000000070c200000, 0x000000070c400000|  0%| F|  |TAMS 0x000000070c200000| PB 0x000000070c200000| Untracked 
|  59|0x000000070c400000, 0x000000070c400000, 0x000000070c600000|  0%| F|  |TAMS 0x000000070c400000| PB 0x000000070c400000| Untracked 
|  60|0x000000070c600000, 0x000000070c600000, 0x000000070c800000|  0%| F|  |TAMS 0x000000070c600000| PB 0x000000070c600000| Untracked 
|  61|0x000000070c800000, 0x000000070c800000, 0x000000070ca00000|  0%| F|  |TAMS 0x000000070c800000| PB 0x000000070c800000| Untracked 
|  62|0x000000070ca00000, 0x000000070ca00000, 0x000000070cc00000|  0%| F|  |TAMS 0x000000070ca00000| PB 0x000000070ca00000| Untracked 
|  63|0x000000070cc00000, 0x000000070cc00000, 0x000000070ce00000|  0%| F|  |TAMS 0x000000070cc00000| PB 0x000000070cc00000| Untracked 
|  64|0x000000070ce00000, 0x000000070ce00000, 0x000000070d000000|  0%| F|  |TAMS 0x000000070ce00000| PB 0x000000070ce00000| Untracked 
|  65|0x000000070d000000, 0x000000070d000000, 0x000000070d200000|  0%| F|  |TAMS 0x000000070d000000| PB 0x000000070d000000| Untracked 
|  66|0x000000070d200000, 0x000000070d200000, 0x000000070d400000|  0%| F|  |TAMS 0x000000070d200000| PB 0x000000070d200000| Untracked 
|  67|0x000000070d400000, 0x000000070d400000, 0x000000070d600000|  0%| F|  |TAMS 0x000000070d400000| PB 0x000000070d400000| Untracked 
|  68|0x000000070d600000, 0x000000070d600000, 0x000000070d800000|  0%| F|  |TAMS 0x000000070d600000| PB 0x000000070d600000| Untracked 
|  69|0x000000070d800000, 0x000000070d800000, 0x000000070da00000|  0%| F|  |TAMS 0x000000070d800000| PB 0x000000070d800000| Untracked 
|  70|0x000000070da00000, 0x000000070da00000, 0x000000070dc00000|  0%| F|  |TAMS 0x000000070da00000| PB 0x000000070da00000| Untracked 
|  71|0x000000070dc00000, 0x000000070dc00000, 0x000000070de00000|  0%| F|  |TAMS 0x000000070dc00000| PB 0x000000070dc00000| Untracked 
|  72|0x000000070de00000, 0x000000070de00000, 0x000000070e000000|  0%| F|  |TAMS 0x000000070de00000| PB 0x000000070de00000| Untracked 
|  73|0x000000070e000000, 0x000000070e000000, 0x000000070e200000|  0%| F|  |TAMS 0x000000070e000000| PB 0x000000070e000000| Untracked 
|  74|0x000000070e200000, 0x000000070e200000, 0x000000070e400000|  0%| F|  |TAMS 0x000000070e200000| PB 0x000000070e200000| Untracked 
|  75|0x000000070e400000, 0x000000070e400000, 0x000000070e600000|  0%| F|  |TAMS 0x000000070e400000| PB 0x000000070e400000| Untracked 
|  76|0x000000070e600000, 0x000000070e600000, 0x000000070e800000|  0%| F|  |TAMS 0x000000070e600000| PB 0x000000070e600000| Untracked 
|  77|0x000000070e800000, 0x000000070e800000, 0x000000070ea00000|  0%| F|  |TAMS 0x000000070e800000| PB 0x000000070e800000| Untracked 
|  78|0x000000070ea00000, 0x000000070ea00000, 0x000000070ec00000|  0%| F|  |TAMS 0x000000070ea00000| PB 0x000000070ea00000| Untracked 
|  79|0x000000070ec00000, 0x000000070ec00000, 0x000000070ee00000|  0%| F|  |TAMS 0x000000070ec00000| PB 0x000000070ec00000| Untracked 
|  80|0x000000070ee00000, 0x000000070ee00000, 0x000000070f000000|  0%| F|  |TAMS 0x000000070ee00000| PB 0x000000070ee00000| Untracked 
|  81|0x000000070f000000, 0x000000070f000000, 0x000000070f200000|  0%| F|  |TAMS 0x000000070f000000| PB 0x000000070f000000| Untracked 
|  82|0x000000070f200000, 0x000000070f200000, 0x000000070f400000|  0%| F|  |TAMS 0x000000070f200000| PB 0x000000070f200000| Untracked 
|  83|0x000000070f400000, 0x000000070f400000, 0x000000070f600000|  0%| F|  |TAMS 0x000000070f400000| PB 0x000000070f400000| Untracked 
|  84|0x000000070f600000, 0x000000070f600000, 0x000000070f800000|  0%| F|  |TAMS 0x000000070f600000| PB 0x000000070f600000| Untracked 
|  85|0x000000070f800000, 0x000000070f800000, 0x000000070fa00000|  0%| F|  |TAMS 0x000000070f800000| PB 0x000000070f800000| Untracked 
|  86|0x000000070fa00000, 0x000000070fa00000, 0x000000070fc00000|  0%| F|  |TAMS 0x000000070fa00000| PB 0x000000070fa00000| Untracked 
|  87|0x000000070fc00000, 0x000000070fc00000, 0x000000070fe00000|  0%| F|  |TAMS 0x000000070fc00000| PB 0x000000070fc00000| Untracked 
|  88|0x000000070fe00000, 0x000000070fe00000, 0x0000000710000000|  0%| F|  |TAMS 0x000000070fe00000| PB 0x000000070fe00000| Untracked 
|  89|0x0000000710000000, 0x0000000710000000, 0x0000000710200000|  0%| F|  |TAMS 0x0000000710000000| PB 0x0000000710000000| Untracked 
|  90|0x0000000710200000, 0x0000000710200000, 0x0000000710400000|  0%| F|  |TAMS 0x0000000710200000| PB 0x0000000710200000| Untracked 
|  91|0x0000000710400000, 0x0000000710400000, 0x0000000710600000|  0%| F|  |TAMS 0x0000000710400000| PB 0x0000000710400000| Untracked 
|  92|0x0000000710600000, 0x0000000710600000, 0x0000000710800000|  0%| F|  |TAMS 0x0000000710600000| PB 0x0000000710600000| Untracked 
|  93|0x0000000710800000, 0x0000000710800000, 0x0000000710a00000|  0%| F|  |TAMS 0x0000000710800000| PB 0x0000000710800000| Untracked 
|  94|0x0000000710a00000, 0x0000000710a00000, 0x0000000710c00000|  0%| F|  |TAMS 0x0000000710a00000| PB 0x0000000710a00000| Untracked 
|  95|0x0000000710c00000, 0x0000000710c00000, 0x0000000710e00000|  0%| F|  |TAMS 0x0000000710c00000| PB 0x0000000710c00000| Untracked 
|  96|0x0000000710e00000, 0x0000000710e00000, 0x0000000711000000|  0%| F|  |TAMS 0x0000000710e00000| PB 0x0000000710e00000| Untracked 
|  97|0x0000000711000000, 0x0000000711000000, 0x0000000711200000|  0%| F|  |TAMS 0x0000000711000000| PB 0x0000000711000000| Untracked 
|  98|0x0000000711200000, 0x0000000711200000, 0x0000000711400000|  0%| F|  |TAMS 0x0000000711200000| PB 0x0000000711200000| Untracked 
|  99|0x0000000711400000, 0x0000000711400000, 0x0000000711600000|  0%| F|  |TAMS 0x0000000711400000| PB 0x0000000711400000| Untracked 
| 100|0x0000000711600000, 0x0000000711600000, 0x0000000711800000|  0%| F|  |TAMS 0x0000000711600000| PB 0x0000000711600000| Untracked 
| 101|0x0000000711800000, 0x0000000711800000, 0x0000000711a00000|  0%| F|  |TAMS 0x0000000711800000| PB 0x0000000711800000| Untracked 
| 102|0x0000000711a00000, 0x0000000711a00000, 0x0000000711c00000|  0%| F|  |TAMS 0x0000000711a00000| PB 0x0000000711a00000| Untracked 
| 103|0x0000000711c00000, 0x0000000711c00000, 0x0000000711e00000|  0%| F|  |TAMS 0x0000000711c00000| PB 0x0000000711c00000| Untracked 
| 104|0x0000000711e00000, 0x0000000711e00000, 0x0000000712000000|  0%| F|  |TAMS 0x0000000711e00000| PB 0x0000000711e00000| Untracked 
| 105|0x0000000712000000, 0x0000000712000000, 0x0000000712200000|  0%| F|  |TAMS 0x0000000712000000| PB 0x0000000712000000| Untracked 
| 106|0x0000000712200000, 0x0000000712200000, 0x0000000712400000|  0%| F|  |TAMS 0x0000000712200000| PB 0x0000000712200000| Untracked 
| 107|0x0000000712400000, 0x0000000712400000, 0x0000000712600000|  0%| F|  |TAMS 0x0000000712400000| PB 0x0000000712400000| Untracked 
| 108|0x0000000712600000, 0x0000000712600000, 0x0000000712800000|  0%| F|  |TAMS 0x0000000712600000| PB 0x0000000712600000| Untracked 
| 109|0x0000000712800000, 0x0000000712800000, 0x0000000712a00000|  0%| F|  |TAMS 0x0000000712800000| PB 0x0000000712800000| Untracked 
| 110|0x0000000712a00000, 0x0000000712badf68, 0x0000000712c00000| 83%| S|CS|TAMS 0x0000000712a00000| PB 0x0000000712a00000| Complete 
| 111|0x0000000712c00000, 0x0000000712c00000, 0x0000000712e00000|  0%| F|  |TAMS 0x0000000712c00000| PB 0x0000000712c00000| Untracked 
| 112|0x0000000712e00000, 0x0000000712e00000, 0x0000000713000000|  0%| F|  |TAMS 0x0000000712e00000| PB 0x0000000712e00000| Untracked 
| 113|0x0000000713000000, 0x0000000713000000, 0x0000000713200000|  0%| F|  |TAMS 0x0000000713000000| PB 0x0000000713000000| Untracked 
| 114|0x0000000713200000, 0x0000000713200000, 0x0000000713400000|  0%| F|  |TAMS 0x0000000713200000| PB 0x0000000713200000| Untracked 
| 115|0x0000000713400000, 0x0000000713400000, 0x0000000713600000|  0%| F|  |TAMS 0x0000000713400000| PB 0x0000000713400000| Untracked 
| 116|0x0000000713600000, 0x0000000713600000, 0x0000000713800000|  0%| F|  |TAMS 0x0000000713600000| PB 0x0000000713600000| Untracked 
| 117|0x0000000713800000, 0x0000000713800000, 0x0000000713a00000|  0%| F|  |TAMS 0x0000000713800000| PB 0x0000000713800000| Untracked 
| 118|0x0000000713a00000, 0x0000000713a00000, 0x0000000713c00000|  0%| F|  |TAMS 0x0000000713a00000| PB 0x0000000713a00000| Untracked 
| 119|0x0000000713c00000, 0x0000000713c00000, 0x0000000713e00000|  0%| F|  |TAMS 0x0000000713c00000| PB 0x0000000713c00000| Untracked 
| 120|0x0000000713e00000, 0x0000000713e00000, 0x0000000714000000|  0%| F|  |TAMS 0x0000000713e00000| PB 0x0000000713e00000| Untracked 
| 121|0x0000000714000000, 0x0000000714000000, 0x0000000714200000|  0%| F|  |TAMS 0x0000000714000000| PB 0x0000000714000000| Untracked 
| 122|0x0000000714200000, 0x0000000714200000, 0x0000000714400000|  0%| F|  |TAMS 0x0000000714200000| PB 0x0000000714200000| Untracked 
| 123|0x0000000714400000, 0x0000000714531860, 0x0000000714600000| 59%| E|  |TAMS 0x0000000714400000| PB 0x0000000714400000| Complete 
| 124|0x0000000714600000, 0x0000000714800000, 0x0000000714800000|100%| E|CS|TAMS 0x0000000714600000| PB 0x0000000714600000| Complete 
| 125|0x0000000714800000, 0x0000000714a00000, 0x0000000714a00000|100%| E|CS|TAMS 0x0000000714800000| PB 0x0000000714800000| Complete 

Card table byte_map: [0x0000021a7f750000,0x0000021a7ff30000] _byte_map_base: 0x0000021a7bf29000

Marking Bits: (CMBitMap*) 0x0000021a66937ac0
 Bits: [0x0000021a00000000, 0x0000021a03ec8000)

Polling page: 0x0000021a65020000

Metaspace:

Usage:
  Non-class:     13.61 MB used.
      Class:      1.78 MB used.
       Both:     15.39 MB used.

Virtual space:
  Non-class space:       64.00 MB reserved,      13.81 MB ( 22%) committed,  1 nodes.
      Class space:        1.00 GB reserved,       1.94 MB ( <1%) committed,  1 nodes.
             Both:        1.06 GB reserved,      15.75 MB (  1%) committed. 

Chunk freelists:
   Non-Class:  1.66 MB
       Class:  14.01 MB
        Both:  15.68 MB

MaxMetaspaceSize: unlimited
CompressedClassSpaceSize: 1.00 GB
Initial GC threshold: 21.00 MB
Current GC threshold: 21.00 MB
CDS: on
 - commit_granule_bytes: 65536.
 - commit_granule_words: 8192.
 - virtual_space_node_default_size: 8388608.
 - enlarge_chunks_in_place: 1.
 - use_allocation_guard: 0.


Internal statistics:

num_allocs_failed_limit: 0.
num_arena_births: 354.
num_arena_deaths: 0.
num_vsnodes_births: 2.
num_vsnodes_deaths: 0.
num_space_committed: 252.
num_space_uncommitted: 0.
num_chunks_returned_to_freelist: 0.
num_chunks_taken_from_freelist: 696.
num_chunk_merges: 0.
num_chunk_splits: 383.
num_chunks_enlarged: 205.
num_inconsistent_stats: 0.

CodeHeap 'non-profiled nmethods': size=119168Kb used=796Kb max_used=796Kb free=118372Kb
 bounds [0x0000021a76b50000, 0x0000021a76dc0000, 0x0000021a7dfb0000]
CodeHeap 'profiled nmethods': size=119104Kb used=4269Kb max_used=4269Kb free=114835Kb
 bounds [0x0000021a6efb0000, 0x0000021a6f3e0000, 0x0000021a76400000]
CodeHeap 'non-nmethods': size=7488Kb used=3111Kb max_used=3140Kb free=4377Kb
 bounds [0x0000021a76400000, 0x0000021a76720000, 0x0000021a76b50000]
 total_blobs=2766 nmethods=2248 adapters=419
 compilation: enabled
              stopped_count=0, restarted_count=0
 full_count=0

Compilation events (20 events):
Event: 1.239 Thread 0x0000021a4c1bb2c0 2245       4       jdk.internal.org.objectweb.asm.MethodWriter::visitCode (1 bytes)
Event: 1.239 Thread 0x0000021a4c1bb2c0 nmethod 2245 0x0000021a76c16410 code [0x0000021a76c165a0, 0x0000021a76c16628]
Event: 1.240 Thread 0x0000021a4c14bfd0 2246       3       java.util.stream.ReduceOps$3ReducingSink::accept (15 bytes)
Event: 1.240 Thread 0x0000021a4c14bfd0 nmethod 2246 0x0000021a6f3d8610 code [0x0000021a6f3d87c0, 0x0000021a6f3d89b0]
Event: 1.244 Thread 0x0000021a06c8ab20 2247       4       org.jetbrains.capture.org.objectweb.asm.ClassReader::getItem (7 bytes)
Event: 1.244 Thread 0x0000021a4c14bfd0 2248       3       org.jetbrains.capture.org.objectweb.asm.ClassReader::readInt (52 bytes)
Event: 1.244 Thread 0x0000021a06c8b810 2249       3       org.jetbrains.capture.org.objectweb.asm.Label::<init> (5 bytes)
Event: 1.244 Thread 0x0000021a4c12d470 2250       3       org.jetbrains.capture.org.objectweb.asm.Label::resolve (259 bytes)
Event: 1.244 Thread 0x0000021a4c14bfd0 nmethod 2248 0x0000021a6f3d8a90 code [0x0000021a6f3d8c40, 0x0000021a6f3d8e18]
Event: 1.244 Thread 0x0000021a06c8b810 nmethod 2249 0x0000021a6f3d8f10 code [0x0000021a6f3d90c0, 0x0000021a6f3d9228]
Event: 1.245 Thread 0x0000021a4c12d470 nmethod 2250 0x0000021a6f3d9310 code [0x0000021a6f3d9500, 0x0000021a6f3d9ab0]
Event: 1.245 Thread 0x0000021a06c8b810 2251       3       org.jetbrains.capture.org.objectweb.asm.MethodWriter::visitLabel (332 bytes)
Event: 1.245 Thread 0x0000021a06c8ab20 nmethod 2247 0x0000021a76c16710 code [0x0000021a76c168a0, 0x0000021a76c16970]
Event: 1.245 Thread 0x0000021a4c156d00 2252       1       org.jetbrains.capture.org.objectweb.asm.SymbolTable::getSource (5 bytes)
Event: 1.245 Thread 0x0000021a4c156d00 nmethod 2252 0x0000021a76c16a10 code [0x0000021a76c16ba0, 0x0000021a76c16c70]
Event: 1.245 Thread 0x0000021a4c12d470 2253       3       java.util.Collections::emptySet (4 bytes)
Event: 1.245 Thread 0x0000021a06c8b810 nmethod 2251 0x0000021a6f3d9e10 code [0x0000021a6f3da0a0, 0x0000021a6f3dae48]
Event: 1.246 Thread 0x0000021a4c12d470 nmethod 2253 0x0000021a6f3db110 code [0x0000021a6f3db2a0, 0x0000021a6f3db398]
Event: 1.248 Thread 0x0000021a4c14bfd0 2254       1       java.util.concurrent.CopyOnWriteArrayList::getArray (5 bytes)
Event: 1.248 Thread 0x0000021a4c14bfd0 nmethod 2254 0x0000021a76c16d10 code [0x0000021a76c16ea0, 0x0000021a76c16f70]

GC Heap History (4 events):
Event: 0.551 GC heap before
{Heap before GC invocations=0 (full 0):
 garbage-first heap   total 258048K, used 22528K [0x0000000704e00000, 0x0000000800000000)
  region size 2048K, 11 young (22528K), 0 survivors (0K)
 Metaspace       used 7958K, committed 8128K, reserved 1114112K
  class space    used 761K, committed 832K, reserved 1048576K
}
Event: 0.556 GC heap after
{Heap after GC invocations=1 (full 0):
 garbage-first heap   total 258048K, used 7260K [0x0000000704e00000, 0x0000000800000000)
  region size 2048K, 2 young (4096K), 2 survivors (4096K)
 Metaspace       used 7958K, committed 8128K, reserved 1114112K
  class space    used 761K, committed 832K, reserved 1048576K
}
Event: 1.119 GC heap before
{Heap before GC invocations=1 (full 0):
 garbage-first heap   total 258048K, used 33884K [0x0000000704e00000, 0x0000000800000000)
  region size 2048K, 15 young (30720K), 2 survivors (4096K)
 Metaspace       used 14209K, committed 14528K, reserved 1114112K
  class space    used 1657K, committed 1856K, reserved 1048576K
}
Event: 1.125 GC heap after
{Heap after GC invocations=2 (full 0):
 garbage-first heap   total 258048K, used 8500K [0x0000000704e00000, 0x0000000800000000)
  region size 2048K, 1 young (2048K), 1 survivors (2048K)
 Metaspace       used 14209K, committed 14528K, reserved 1114112K
  class space    used 1657K, committed 1856K, reserved 1048576K
}

Dll operation events (12 events):
Event: 0.013 Loaded shared library C:\Users\Thiba\.jdks\corretto-21.0.5\bin\java.dll
Event: 0.014 Loaded shared library C:\Users\Thiba\.jdks\corretto-21.0.5\bin\zip.dll
Event: 0.053 Loaded shared library C:\Users\Thiba\.jdks\corretto-21.0.5\bin\jsvml.dll
Event: 0.166 Loaded shared library C:\Users\Thiba\.jdks\corretto-21.0.5\bin\instrument.dll
Event: 0.171 Loaded shared library C:\Users\Thiba\.jdks\corretto-21.0.5\bin\net.dll
Event: 0.174 Loaded shared library C:\Users\Thiba\.jdks\corretto-21.0.5\bin\nio.dll
Event: 0.179 Loaded shared library C:\Users\Thiba\.jdks\corretto-21.0.5\bin\zip.dll
Event: 0.196 Loaded shared library C:\Program Files\JetBrains\IntelliJ IDEA 2024.3.1\bin\breakgen64.dll
Event: 0.211 Loaded shared library C:\Users\Thiba\.jdks\corretto-21.0.5\bin\extnet.dll
Event: 0.233 Loaded shared library C:\Users\Thiba\.jdks\corretto-21.0.5\bin\jimage.dll
Event: 0.382 Loaded shared library C:\Users\Thiba\.jdks\corretto-21.0.5\bin\management.dll
Event: 0.396 Loaded shared library C:\Users\Thiba\.jdks\corretto-21.0.5\bin\management_ext.dll

Deoptimization events (20 events):
Event: 1.186 Thread 0x0000021a64e81ac0 Uncommon trap: trap_request=0xffffff45 fr.pc=0x0000021a76b86814 relative=0x00000000000000f4
Event: 1.186 Thread 0x0000021a64e81ac0 Uncommon trap: reason=unstable_if action=reinterpret pc=0x0000021a76b86814 method=java.util.HashMap.hash(Ljava/lang/Object;)I @ 1 c2
Event: 1.186 Thread 0x0000021a64e81ac0 DEOPT PACKING pc=0x0000021a76b86814 sp=0x0000009a619f9990
Event: 1.186 Thread 0x0000021a64e81ac0 DEOPT UNPACKING pc=0x0000021a764546a2 sp=0x0000009a619f98d0 mode 2
Event: 1.186 Thread 0x0000021a64e81ac0 Uncommon trap: trap_request=0xffffff45 fr.pc=0x0000021a76be0e50 relative=0x00000000000000b0
Event: 1.186 Thread 0x0000021a64e81ac0 Uncommon trap: reason=unstable_if action=reinterpret pc=0x0000021a76be0e50 method=java.util.HashMap.hash(Ljava/lang/Object;)I @ 1 c2
Event: 1.186 Thread 0x0000021a64e81ac0 DEOPT PACKING pc=0x0000021a76be0e50 sp=0x0000009a619f9930
Event: 1.186 Thread 0x0000021a64e81ac0 DEOPT UNPACKING pc=0x0000021a764546a2 sp=0x0000009a619f98c8 mode 2
Event: 1.217 Thread 0x0000021a64e81ac0 DEOPT PACKING pc=0x0000021a6f3b4845 sp=0x0000009a619f7fc0
Event: 1.217 Thread 0x0000021a64e81ac0 DEOPT UNPACKING pc=0x0000021a76454e42 sp=0x0000009a619f74c8 mode 0
Event: 1.229 Thread 0x0000021a64e81ac0 DEOPT PACKING pc=0x0000021a6f172a82 sp=0x0000009a619fba10
Event: 1.229 Thread 0x0000021a64e81ac0 DEOPT UNPACKING pc=0x0000021a76454e42 sp=0x0000009a619fae98 mode 0
Event: 1.231 Thread 0x0000021a64e81ac0 Uncommon trap: trap_request=0xffffffde fr.pc=0x0000021a76bd941c relative=0x0000000000000e1c
Event: 1.231 Thread 0x0000021a64e81ac0 Uncommon trap: reason=class_check action=maybe_recompile pc=0x0000021a76bd941c method=java.util.concurrent.ConcurrentHashMap.putVal(Ljava/lang/Object;Ljava/lang/Object;Z)Ljava/lang/Object; @ 242 c2
Event: 1.231 Thread 0x0000021a64e81ac0 DEOPT PACKING pc=0x0000021a76bd941c sp=0x0000009a619fca00
Event: 1.231 Thread 0x0000021a64e81ac0 DEOPT UNPACKING pc=0x0000021a764546a2 sp=0x0000009a619fc970 mode 2
Event: 1.235 Thread 0x0000021a64e81ac0 Uncommon trap: trap_request=0xffffffde fr.pc=0x0000021a76bd941c relative=0x0000000000000e1c
Event: 1.235 Thread 0x0000021a64e81ac0 Uncommon trap: reason=class_check action=maybe_recompile pc=0x0000021a76bd941c method=java.util.concurrent.ConcurrentHashMap.putVal(Ljava/lang/Object;Ljava/lang/Object;Z)Ljava/lang/Object; @ 242 c2
Event: 1.235 Thread 0x0000021a64e81ac0 DEOPT PACKING pc=0x0000021a76bd941c sp=0x0000009a619fca00
Event: 1.235 Thread 0x0000021a64e81ac0 DEOPT UNPACKING pc=0x0000021a764546a2 sp=0x0000009a619fc970 mode 2

Classes loaded (20 events):
Event: 1.243 Loading class java/util/concurrent/CompletableFuture$Completion
Event: 1.243 Loading class java/util/concurrent/CompletableFuture$AsynchronousCompletionTask
Event: 1.243 Loading class java/util/concurrent/CompletableFuture$AsynchronousCompletionTask done
Event: 1.243 Loading class java/util/concurrent/ForkJoinTask
Event: 1.244 Loading class com/intellij/rt/debugger/agent/CaptureAgent$CaptureInstrumentor$2
Event: 1.244 Loading class com/intellij/rt/debugger/agent/CaptureAgent$CaptureInstrumentor$2 done
Event: 1.245 Loading class java/util/concurrent/ForkJoinTask done
Event: 1.245 Loading class java/util/concurrent/CompletableFuture$Completion done
Event: 1.246 Loading class org/junit/platform/launcher/TestPlan
Event: 1.246 Loading class org/junit/platform/launcher/TestPlan done
Event: 1.246 Loading class org/junit/platform/launcher/TestPlan
Event: 1.246 Loading class org/junit/platform/launcher/TestPlan done
Event: 1.246 Loading class org/junit/platform/launcher/TestPlan
Event: 1.246 Loading class org/junit/platform/launcher/TestPlan done
Event: 1.246 Loading class org/junit/platform/launcher/TestPlan
Event: 1.246 Loading class org/junit/platform/launcher/TestPlan done
Event: 1.247 Loading class org/junit/platform/launcher/core/DefaultLauncherSession$ClosedLauncher
Event: 1.247 Loading class org/junit/platform/launcher/core/DefaultLauncherSession$ClosedLauncher done
Event: 1.247 Loading class java/util/IdentityHashMap$KeyIterator
Event: 1.247 Loading class java/util/IdentityHashMap$KeyIterator done

Classes unloaded (0 events):
No events

Classes redefined (1 events):
Event: 0.228 Thread 0x0000021a06c54510 redefined class name=java.lang.Throwable, count=1

Internal exceptions (20 events):
Event: 0.853 Thread 0x0000021a4ddeb0c0 Exception <a 'java/lang/NoSuchMethodError'{0x0000000713b90a60}: 'java.lang.Object java.lang.invoke.Invokers$Holder.linkToTargetMethod(java.lang.Object, long, java.lang.Object)'> (0x0000000713b90a60) 
thrown [s\src\hotspot\share\interpreter\linkResolver.cpp, line 773]
Event: 0.864 Thread 0x0000021a4de3aa40 Exception <a 'java/lang/NoSuchMethodError'{0x000000071387b808}: 'int java.lang.invoke.DirectMethodHandle$Holder.invokeInterface(java.lang.Object, java.lang.Object, java.lang.Object, java.lang.Object, java.lang.Object)'> (0x000000071387b808) 
thrown [s\src\hotspot\share\interpreter\linkResolver.cpp, line 773]
Event: 0.865 Thread 0x0000021a4de3aa40 Exception <a 'java/lang/NoSuchMethodError'{0x0000000713883a60}: 'int java.lang.invoke.DelegatingMethodHandle$Holder.reinvoke_L(java.lang.Object, java.lang.Object, java.lang.Object, java.lang.Object, java.lang.Object)'> (0x0000000713883a60) 
thrown [s\src\hotspot\share\interpreter\linkResolver.cpp, line 773]
Event: 0.865 Thread 0x0000021a64e81ac0 Exception <a 'java/lang/NoSuchMethodError'{0x0000000713891aa0}: 'int java.lang.invoke.DirectMethodHandle$Holder.invokeStaticInit(java.lang.Object, java.lang.Object)'> (0x0000000713891aa0) 
thrown [s\src\hotspot\share\interpreter\linkResolver.cpp, line 773]
Event: 0.869 Thread 0x0000021a4de3aa40 Exception <a 'java/lang/NoSuchMethodError'{0x00000007138e7680}: 'java.lang.Object java.lang.invoke.DirectMethodHandle$Holder.invokeInterface(java.lang.Object, java.lang.Object, java.lang.Object, java.lang.Object, java.lang.Object)'> (0x00000007138e7680) 
thrown [s\src\hotspot\share\interpreter\linkResolver.cpp, line 773]
Event: 0.874 Thread 0x0000021a4de3aa40 Exception <a 'java/lang/NoSuchMethodError'{0x000000071390dfd8}: 'double java.lang.invoke.DirectMethodHandle$Holder.invokeInterface(java.lang.Object, java.lang.Object)'> (0x000000071390dfd8) 
thrown [s\src\hotspot\share\interpreter\linkResolver.cpp, line 773]
Event: 0.875 Thread 0x0000021a4de3aa40 Exception <a 'java/lang/NoSuchMethodError'{0x00000007139159b8}: 'double java.lang.invoke.DelegatingMethodHandle$Holder.reinvoke_L(java.lang.Object, java.lang.Object)'> (0x00000007139159b8) 
thrown [s\src\hotspot\share\interpreter\linkResolver.cpp, line 773]
Event: 0.912 Thread 0x0000021a64e81ac0 Exception <a 'java/lang/NoSuchMethodError'{0x000000071363a2e8}: 'java.lang.Object java.lang.invoke.DirectMethodHandle$Holder.newInvokeSpecial(java.lang.Object, java.lang.Object, java.lang.Object, java.lang.Object, java.lang.Object, java.lang.Object, java.lang.Object)'> (0x000000071363a2e8) 
thrown [s\src\hotspot\share\interpreter\linkResolver.cpp, line 773]
Event: 0.914 Thread 0x0000021a64e81ac0 Exception <a 'java/lang/IncompatibleClassChangeError'{0x000000071364cc50}: Found class java.lang.Object, but interface was expected> (0x000000071364cc50) 
thrown [s\src\hotspot\share\interpreter\linkResolver.cpp, line 840]
Event: 0.937 Thread 0x0000021a64e81ac0 Exception <a 'java/lang/NoSuchMethodError'{0x0000000713711c70}: 'void java.lang.invoke.DirectMethodHandle$Holder.invokeVirtual(java.lang.Object, java.lang.Object)'> (0x0000000713711c70) 
thrown [s\src\hotspot\share\interpreter\linkResolver.cpp, line 773]
Event: 1.084 Thread 0x0000021a64e81ac0 Exception <a 'java/lang/NoSuchMethodError'{0x0000000712cf1b48}: 'int java.lang.invoke.DirectMethodHandle$Holder.invokeStatic(java.lang.Object)'> (0x0000000712cf1b48) 
thrown [s\src\hotspot\share\interpreter\linkResolver.cpp, line 773]
Event: 1.085 Thread 0x0000021a64e81ac0 Exception <a 'java/lang/NoSuchMethodError'{0x0000000712cf5260}: 'int java.lang.invoke.DirectMethodHandle$Holder.invokeStaticInit(java.lang.Object)'> (0x0000000712cf5260) 
thrown [s\src\hotspot\share\interpreter\linkResolver.cpp, line 773]
Event: 1.086 Thread 0x0000021a64e81ac0 Exception <a 'java/lang/NoSuchMethodError'{0x0000000712cfb050}: 'int java.lang.invoke.DirectMethodHandle$Holder.invokeVirtual(java.lang.Object, java.lang.Object, java.lang.Object)'> (0x0000000712cfb050) 
thrown [s\src\hotspot\share\interpreter\linkResolver.cpp, line 773]
Event: 1.145 Thread 0x0000021a64e81ac0 Exception <a 'java/lang/ClassNotFoundException'{0x00000007148c3a38}: javax/smartcardio/CardPermission> (0x00000007148c3a38) 
thrown [s\src\hotspot\share\classfile\systemDictionary.cpp, line 312]
Event: 1.148 Thread 0x0000021a64e81ac0 Exception <a 'java/io/FileNotFoundException'{0x00000007148d4e50}> (0x00000007148d4e50) 
thrown [s\src\hotspot\share\prims\jni.cpp, line 520]
Event: 1.164 Thread 0x0000021a64e81ac0 Exception <a 'java/lang/NoSuchMethodError'{0x000000071499e978}: 'java.lang.Object java.lang.invoke.DirectMethodHandle$Holder.invokeSpecial(java.lang.Object, java.lang.Object, java.lang.Object, long, java.lang.Object)'> (0x000000071499e978) 
thrown [s\src\hotspot\share\interpreter\linkResolver.cpp, line 773]
Event: 1.164 Thread 0x0000021a64e81ac0 Exception <a 'java/lang/NoSuchMethodError'{0x00000007149a2868}: 'java.lang.Object java.lang.invoke.Invokers$Holder.linkToTargetMethod(java.lang.Object, long, java.lang.Object, java.lang.Object)'> (0x00000007149a2868) 
thrown [s\src\hotspot\share\interpreter\linkResolver.cpp, line 773]
Event: 1.186 Thread 0x0000021a64e81ac0 Implicit null exception at 0x0000021a76b86766 to 0x0000021a76b8680a
Event: 1.186 Thread 0x0000021a64e81ac0 Implicit null exception at 0x0000021a76be0dbd to 0x0000021a76be0e41
Event: 1.237 Thread 0x0000021a64e81ac0 Exception <a 'java/lang/NoSuchMethodError'{0x000000071441b100}: 'void java.lang.invoke.DirectMethodHandle$Holder.invokeSpecial(java.lang.Object, java.lang.Object, java.lang.Object, java.lang.Object, java.lang.Object, java.lang.Object, java.lang.Object)'> (0x000000071441b100) 
thrown [s\src\hotspot\share\interpreter\linkResolver.cpp, line 773]

ZGC Phase Switch (0 events):
No events

VM Operations (20 events):
Event: 0.660 Executing VM operation: HandshakeAllThreads (Deoptimize) done
Event: 0.676 Executing VM operation: HandshakeAllThreads (Deoptimize)
Event: 0.676 Executing VM operation: HandshakeAllThreads (Deoptimize) done
Event: 0.850 Executing VM operation: HandshakeAllThreads (Deoptimize)
Event: 0.851 Executing VM operation: HandshakeAllThreads (Deoptimize) done
Event: 0.861 Executing VM operation: ICBufferFull
Event: 0.861 Executing VM operation: ICBufferFull done
Event: 0.918 Executing VM operation: HandshakeAllThreads (Deoptimize)
Event: 0.918 Executing VM operation: HandshakeAllThreads (Deoptimize) done
Event: 0.933 Executing VM operation: HandshakeAllThreads (Deoptimize)
Event: 0.933 Executing VM operation: HandshakeAllThreads (Deoptimize) done
Event: 0.967 Executing VM operation: HandshakeAllThreads (Deoptimize)
Event: 0.967 Executing VM operation: HandshakeAllThreads (Deoptimize) done
Event: 1.103 Executing VM operation: HandshakeAllThreads (Deoptimize)
Event: 1.103 Executing VM operation: HandshakeAllThreads (Deoptimize) done
Event: 1.119 Executing VM operation: G1CollectForAllocation (G1 Evacuation Pause)
Event: 1.125 Executing VM operation: G1CollectForAllocation (G1 Evacuation Pause) done
Event: 1.215 Executing VM operation: HandshakeAllThreads (Deoptimize)
Event: 1.215 Executing VM operation: HandshakeAllThreads (Deoptimize) done
Event: 1.249 Executing VM operation: Exit

Memory protections (0 events):
No events

Nmethod flushes (0 events):
No events

Events (20 events):
Event: 0.051 Thread 0x0000021a64e81ac0 Thread added: 0x0000021a06c86770
Event: 0.052 Thread 0x0000021a64e81ac0 Thread added: 0x0000021a06c8ab20
Event: 0.052 Thread 0x0000021a64e81ac0 Thread added: 0x0000021a06c8b810
Event: 0.140 Thread 0x0000021a64e81ac0 Thread added: 0x0000021a4c107470
Event: 0.146 Thread 0x0000021a06c8b810 Thread added: 0x0000021a4c12d470
Event: 0.149 Thread 0x0000021a06c8b810 Thread added: 0x0000021a4c14bfd0
Event: 0.150 Thread 0x0000021a06c8b810 Thread added: 0x0000021a4c156d00
Event: 0.159 Thread 0x0000021a06c8b810 Thread added: 0x0000021a4c1bb2c0
Event: 0.197 Thread 0x0000021a64e81ac0 Thread added: 0x0000021a4c298a10
Event: 0.233 Thread 0x0000021a64e81ac0 Thread added: 0x0000021a4c46ea50
Event: 0.259 Thread 0x0000021a4c156d00 Thread added: 0x0000021a4c6c2fe0
Event: 0.262 Thread 0x0000021a4c12d470 Thread added: 0x0000021a4c606080
Event: 0.267 Thread 0x0000021a4c14bfd0 Thread added: 0x0000021a4c661990
Event: 0.794 Thread 0x0000021a06c7d190 Thread added: 0x0000021a4d729920
Event: 0.812 Thread 0x0000021a4d729920 Thread added: 0x0000021a4de3aa40
Event: 0.839 Thread 0x0000021a4de3aa40 Thread added: 0x0000021a4e19ddd0
Event: 0.848 Thread 0x0000021a4de3aa40 Thread added: 0x0000021a4ddeb0c0
Event: 1.248 Thread 0x0000021a64e81ac0 Thread added: 0x0000021a4ddec470
Event: 1.248 Thread 0x0000021a4ddec470 Thread exited: 0x0000021a4ddec470
Event: 1.248 Thread 0x0000021a64e81ac0 Before exit entered


Dynamic libraries:
0x00007ff7be4a0000 - 0x00007ff7be4ae000 	C:\Users\Thiba\.jdks\corretto-21.0.5\bin\java.exe
0x00007ffc6c920000 - 0x00007ffc6cb83000 	C:\WINDOWS\SYSTEM32\ntdll.dll
0x00007ffc6b6f0000 - 0x00007ffc6b7b8000 	C:\WINDOWS\System32\KERNEL32.DLL
0x00007ffc6a330000 - 0x00007ffc6a6e2000 	C:\WINDOWS\System32\KERNELBASE.dll
0x00007ffc69cf0000 - 0x00007ffc69e3b000 	C:\WINDOWS\System32\ucrtbase.dll
0x00007ffc471a0000 - 0x00007ffc471b8000 	C:\Users\Thiba\.jdks\corretto-21.0.5\bin\jli.dll
0x00007ffc463c0000 - 0x00007ffc463db000 	C:\Users\Thiba\.jdks\corretto-21.0.5\bin\VCRUNTIME140.dll
0x00007ffc6ab50000 - 0x00007ffc6ad18000 	C:\WINDOWS\System32\USER32.dll
0x00007ffc4a620000 - 0x00007ffc4a8b0000 	C:\WINDOWS\WinSxS\amd64_microsoft.windows.common-controls_6595b64144ccf1df_6.0.26100.2454_none_3e0b68a2e331ad60\COMCTL32.dll
0x00007ffc69ee0000 - 0x00007ffc69f07000 	C:\WINDOWS\System32\win32u.dll
0x00007ffc6b450000 - 0x00007ffc6b47a000 	C:\WINDOWS\System32\GDI32.dll
0x00007ffc6bef0000 - 0x00007ffc6bf99000 	C:\WINDOWS\System32\msvcrt.dll
0x00007ffc6a080000 - 0x00007ffc6a1ab000 	C:\WINDOWS\System32\gdi32full.dll
0x00007ffc69f10000 - 0x00007ffc69fb3000 	C:\WINDOWS\System32\msvcp_win.dll
0x00007ffc6b410000 - 0x00007ffc6b43f000 	C:\WINDOWS\System32\IMM32.DLL
0x00007ffc55c20000 - 0x00007ffc55c2c000 	C:\Users\Thiba\.jdks\corretto-21.0.5\bin\vcruntime140_1.dll
0x00007ffc3ff70000 - 0x00007ffc3fffd000 	C:\Users\Thiba\.jdks\corretto-21.0.5\bin\msvcp140.dll
0x00007ffbe7b20000 - 0x00007ffbe88bd000 	C:\Users\Thiba\.jdks\corretto-21.0.5\bin\server\jvm.dll
0x00007ffc6aa90000 - 0x00007ffc6ab44000 	C:\WINDOWS\System32\ADVAPI32.dll
0x00007ffc6a8c0000 - 0x00007ffc6a966000 	C:\WINDOWS\System32\sechost.dll
0x00007ffc6a970000 - 0x00007ffc6aa86000 	C:\WINDOWS\System32\RPCRT4.dll
0x00007ffc6c430000 - 0x00007ffc6c4a4000 	C:\WINDOWS\System32\WS2_32.dll
0x00007ffc68960000 - 0x00007ffc689ae000 	C:\WINDOWS\SYSTEM32\POWRPROF.dll
0x00007ffc5d490000 - 0x00007ffc5d4c6000 	C:\WINDOWS\SYSTEM32\WINMM.dll
0x00007ffc602a0000 - 0x00007ffc602ab000 	C:\WINDOWS\SYSTEM32\VERSION.dll
0x00007ffc68940000 - 0x00007ffc68954000 	C:\WINDOWS\SYSTEM32\UMPDC.dll
0x00007ffc68c00000 - 0x00007ffc68c1a000 	C:\WINDOWS\SYSTEM32\kernel.appcore.dll
0x00007ffc52730000 - 0x00007ffc5273a000 	C:\Users\Thiba\.jdks\corretto-21.0.5\bin\jimage.dll
0x00007ffc5fca0000 - 0x00007ffc5fee1000 	C:\WINDOWS\SYSTEM32\DBGHELP.DLL
0x00007ffc6ad30000 - 0x00007ffc6b0ae000 	C:\WINDOWS\System32\combase.dll
0x00007ffc6a780000 - 0x00007ffc6a856000 	C:\WINDOWS\System32\OLEAUT32.dll
0x00007ffc52660000 - 0x00007ffc52699000 	C:\WINDOWS\SYSTEM32\dbgcore.DLL
0x00007ffc69e40000 - 0x00007ffc69ed9000 	C:\WINDOWS\System32\bcryptPrimitives.dll
0x00007ffc62a00000 - 0x00007ffc62a0e000 	C:\Users\Thiba\.jdks\corretto-21.0.5\bin\instrument.dll
0x00007ffc463a0000 - 0x00007ffc463bf000 	C:\Users\Thiba\.jdks\corretto-21.0.5\bin\java.dll
0x00007ffc42fa0000 - 0x00007ffc42fb8000 	C:\Users\Thiba\.jdks\corretto-21.0.5\bin\zip.dll
0x00007ffc6b7e0000 - 0x00007ffc6bee1000 	C:\WINDOWS\System32\SHELL32.dll
0x00007ffc679e0000 - 0x00007ffc68211000 	C:\WINDOWS\SYSTEM32\windows.storage.dll
0x00007ffc6c630000 - 0x00007ffc6c70a000 	C:\WINDOWS\System32\SHCORE.dll
0x00007ffc6b330000 - 0x00007ffc6b38d000 	C:\WINDOWS\System32\shlwapi.dll
0x00007ffc69c00000 - 0x00007ffc69c2e000 	C:\WINDOWS\SYSTEM32\profapi.dll
0x00007ffc348f0000 - 0x00007ffc349c7000 	C:\Users\Thiba\.jdks\corretto-21.0.5\bin\jsvml.dll
0x00007ffc521e0000 - 0x00007ffc521f0000 	C:\Users\Thiba\.jdks\corretto-21.0.5\bin\net.dll
0x00007ffc65510000 - 0x00007ffc65636000 	C:\WINDOWS\SYSTEM32\WINHTTP.dll
0x00007ffc690e0000 - 0x00007ffc69148000 	C:\WINDOWS\system32\mswsock.dll
0x00007ffc42fc0000 - 0x00007ffc42fd6000 	C:\Users\Thiba\.jdks\corretto-21.0.5\bin\nio.dll
0x00007ffc42930000 - 0x00007ffc4294a000 	C:\Program Files\JetBrains\IntelliJ IDEA 2024.3.1\bin\breakgen64.dll
0x00007ffc47d70000 - 0x00007ffc47d79000 	C:\Users\Thiba\.jdks\corretto-21.0.5\bin\extnet.dll
0x00007ffc68630000 - 0x00007ffc68755000 	C:\WINDOWS\SYSTEM32\DNSAPI.dll
0x00007ffc685a0000 - 0x00007ffc685d2000 	C:\WINDOWS\SYSTEM32\IPHLPAPI.DLL
0x00007ffc6ad20000 - 0x00007ffc6ad2a000 	C:\WINDOWS\System32\NSI.dll
0x00007ffc645e0000 - 0x00007ffc645eb000 	C:\Windows\System32\rasadhlp.dll
0x00007ffc65890000 - 0x00007ffc65915000 	C:\WINDOWS\System32\fwpuclnt.dll
0x00007ffc46370000 - 0x00007ffc46379000 	C:\Users\Thiba\.jdks\corretto-21.0.5\bin\management.dll
0x00007ffc462c0000 - 0x00007ffc462cb000 	C:\Users\Thiba\.jdks\corretto-21.0.5\bin\management_ext.dll
0x00007ffc6b5e0000 - 0x00007ffc6b5e8000 	C:\WINDOWS\System32\PSAPI.DLL
0x00007ffc69490000 - 0x00007ffc694ac000 	C:\WINDOWS\SYSTEM32\CRYPTSP.dll
0x00007ffc68b60000 - 0x00007ffc68b98000 	C:\WINDOWS\system32\rsaenh.dll
0x00007ffc69180000 - 0x00007ffc691ab000 	C:\WINDOWS\SYSTEM32\USERENV.dll
0x00007ffc69620000 - 0x00007ffc69646000 	C:\WINDOWS\SYSTEM32\bcrypt.dll
0x00007ffc69310000 - 0x00007ffc6931c000 	C:\WINDOWS\SYSTEM32\CRYPTBASE.dll
0x00007ffc55110000 - 0x00007ffc55128000 	C:\WINDOWS\system32\napinsp.dll
0x00007ffc550f0000 - 0x00007ffc55102000 	C:\WINDOWS\System32\winrnr.dll
0x00007ffc4c520000 - 0x00007ffc4c542000 	C:\WINDOWS\system32\nlansp_c.dll
0x00007ffc63650000 - 0x00007ffc63666000 	C:\WINDOWS\system32\wshbth.dll
0x00007ffc52560000 - 0x00007ffc525b6000 	C:\WINDOWS\SYSTEM32\pdh.dll
0x00007ffc428c0000 - 0x00007ffc428e5000 	C:\WINDOWS\system32\netfxperf.dll
0x00007ffc55d10000 - 0x00007ffc55d7d000 	C:\WINDOWS\system32\mscoree.dll
0x00007ffc55270000 - 0x00007ffc5530b000 	C:\Windows\Microsoft.NET\Framework64\v4.0.30319\mscoreei.dll
0x00007ffc42310000 - 0x00007ffc42352000 	C:\Windows\Microsoft.NET\Framework64\v4.0.30319\perfcounter.dll
0x00007ffc42890000 - 0x00007ffc428b5000 	C:\Windows\Microsoft.NET\Framework64\v4.0.30319\CorperfmonExt.dll
0x00007ffc54010000 - 0x00007ffc540dd000 	C:\WINDOWS\SYSTEM32\ucrtbase_clr0400.dll
0x00007ffc540e0000 - 0x00007ffc540fb000 	C:\WINDOWS\SYSTEM32\VCRUNTIME140_CLR0400.dll
0x00007ffc54100000 - 0x00007ffc5410c000 	C:\WINDOWS\SYSTEM32\VCRUNTIME140_1_CLR0400.dll
0x00007ffc64f90000 - 0x00007ffc64fa5000 	C:\WINDOWS\SYSTEM32\WTSAPI32.dll
0x00007ffc42910000 - 0x00007ffc42926000 	C:\Windows\System32\perfts.dll
0x00007ffc422c0000 - 0x00007ffc422da000 	C:\Windows\System32\UTILDLL.dll
0x00007ffc684d0000 - 0x00007ffc6852e000 	C:\Windows\System32\WINSTA.dll
0x00007ffc5d410000 - 0x00007ffc5d487000 	C:\Windows\System32\tdh.dll
0x00007ffc68540000 - 0x00007ffc6855b000 	C:\Windows\System32\samcli.dll
0x00007ffc68560000 - 0x00007ffc6856d000 	C:\Windows\System32\netutils.dll
0x00007ffc5ffb0000 - 0x00007ffc600a8000 	C:\WINDOWS\system32\sysmain.dll
0x00007ffc69950000 - 0x00007ffc699af000 	C:\WINDOWS\SYSTEM32\cfgmgr32.dll
0x00007ffc68240000 - 0x00007ffc68252000 	C:\WINDOWS\SYSTEM32\pfclient.dll
0x00007ffc43fb0000 - 0x00007ffc43fbb000 	C:\Windows\System32\rasctrs.dll
0x00007ffc1a880000 - 0x00007ffc1a8b8000 	C:\WINDOWS\SYSTEM32\rasman.dll
0x00007ffc43110000 - 0x00007ffc43119000 	C:\WINDOWS\System32\tapiperf.dll
0x00007ffc42290000 - 0x00007ffc422b9000 	C:\WINDOWS\system32\msscntrs.dll
0x00007ffc429d0000 - 0x00007ffc429d9000 	C:\WINDOWS\system32\usbperf.dll
0x00007ffc36280000 - 0x00007ffc36588000 	C:\WINDOWS\system32\tquery.dll
0x00007ffc36e20000 - 0x00007ffc36ef6000 	C:\WINDOWS\system32\SearchIndexerCore.dll
0x00007ffc64300000 - 0x00007ffc64312000 	C:\WINDOWS\System32\perfproc.dll

dbghelp: loaded successfully - version: 4.0.5 - missing functions: none
symbol engine: initialized successfully - sym options: 0x614 - pdb path: 
[error occurred during error reporting (printing native decoder state), id 0xc0000005, EXCEPTION_ACCESS_VIOLATION (0xc0000005) at pc=0x00007ffc6c92f9ee]
VM Arguments:
jvm_args: -ea -Didea.test.cyclic.buffer.size=1048576 -javaagent:C:\Program Files\JetBrains\IntelliJ IDEA 2024.3.1\lib\idea_rt.jar=60208:C:\Program Files\JetBrains\IntelliJ IDEA 2024.3.1\bin -javaagent:C:\Users\Thiba\AppData\Local\JetBrains\IntelliJIdea2024.3\captureAgent\debugger-agent.jar -Dkotlinx.coroutines.debug.enable.creation.stack.trace=false -Ddebugger.agent.enable.coroutines=true -Dkotlinx.coroutines.debug.enable.flows.stack.trace=true -Dkotlinx.coroutines.debug.enable.mutable.state.flows.stack.trace=true -Dfile.encoding=UTF-8 -Dsun.stdout.encoding=UTF-8 -Dsun.stderr.encoding=UTF-8 
java_command: com.intellij.rt.junit.JUnitStarter -ideVersion5 -junit5 org.example.exo13.MusiqueService.MusiqueServiceTest
java_class_path (initial): C:\Users\Thiba\.m2\repository\org\junit\platform\junit-platform-launcher\1.11.4\junit-platform-launcher-1.11.4.jar;C:\Program Files\JetBrains\IntelliJ IDEA 2024.3.1\lib\idea_rt.jar;C:\Program Files\JetBrains\IntelliJ IDEA 2024.3.1\plugins\junit\lib\junit5-rt.jar;C:\Program Files\JetBrains\IntelliJ IDEA 2024.3.1\plugins\junit\lib\junit-rt.jar;C:\Users\Thiba\Desktop\M2I\M2I_Oracle\Exo\11.webflux\exo13\target\test-classes;C:\Users\Thiba\Desktop\M2I\M2I_Oracle\Exo\11.webflux\exo13\target\classes;C:\Users\Thiba\.m2\repository\org\springframework\boot\spring-boot-starter-actuator\3.4.1\spring-boot-starter-actuator-3.4.1.jar;C:\Users\Thiba\.m2\repository\org\springframework\boot\spring-boot-starter\3.4.1\spring-boot-starter-3.4.1.jar;C:\Users\Thiba\.m2\repository\org\springframework\boot\spring-boot-starter-logging\3.4.1\spring-boot-starter-logging-3.4.1.jar;C:\Users\Thiba\.m2\repository\ch\qos\logback\logback-classic\1.5.12\logback-classic-1.5.12.jar;C:\Users\Thiba\.m2\repository\ch\qos\logback\logback-core\1.5.12\logback-core-1.5.12.jar;C:\Users\Thiba\.m2\repository\org\apache\logging\log4j\log4j-to-slf4j\2.24.3\log4j-to-slf4j-2.24.3.jar;C:\Users\Thiba\.m2\repository\org\apache\logging\log4j\log4j-api\2.24.3\log4j-api-2.24.3.jar;C:\Users\Thiba\.m2\repository\org\slf4j\jul-to-slf4j\2.0.16\jul-to-slf4j-2.0.16.jar;C:\Users\Thiba\.m2\repository\jakarta\annotation\jakarta.annotation-api\2.1.1\jakarta.annotation-api-2.1.1.jar;C:\Users\Thiba\.m2\repository\org\yaml\snakeyaml\2.3\snakeyaml-2.3.jar;C:\Users\Thiba\.m2\repository\org\springframework\boot\spring-boot-actuator-autoconfigure\3.4.1\spring-boot-actuator-autoconfigure-3.4.1.jar;C:\Users\Thiba\.m2\repository\org\springframework\boot\spring-boot-actuator\3.4.1\spring-boot-actuator-3.4.1.jar;C:\Users\Thiba\.m2\repository\com\fasterxml\jackson\core\jackson-databind\2.18.2\jackson-databind-2.18.2.jar;C:\Users\Thiba\.m2\repository\com\fasterxml\jackson\core\jackson-annotations\2.18.2\jackson-annotations-2.18.2.jar;C:\Users\Thiba\.m2\repository\com\fasterxml\jackson\core\jackson-core\2.18.2\jackson-core-2.18.2.jar;C:\Users\Thiba\.m2\repository\com\fasterxml\jackson\datatype\jackson-datatype-jsr310\2.18.2\jackson-datatype-jsr310-2.18.2.jar;C:\Users\Thiba\.m2\repository\io\micrometer\micrometer-observation\1.14.2\micrometer-observation-1.14.2.jar;C:\Users\Thiba\.m2\repository\io\micrometer\micrometer-commons\1.14.2\micrometer-commons-1.14.2.jar;C:\Users\Thiba\.m2\repository\io\micrometer\micrometer-jakarta9\1.14.2\micrometer-jakarta9-1.14.2.jar;C:\Users\Thiba\.m2\repository\org\springframework\boot\spring-boot-starter-webflux\3.4.1\spring-boot-starter-webflux-3.4.1.jar;C:\Users\Thiba\.m2\repository\org\springframework\boot\spring-boot-starter-json\3.4.1\spring-boot-starter-json-3.4.1.jar;C:\Users\Thiba\.m2\repository\com\fasterxml\jackson\datatype\jackson-datatype-jdk8\2.18.2\jackson-datatype-jdk8-2.18.2.jar;C:\Users\Thiba\.m2\repository\com\fasterxml\jackson\module\jackson-module-parameter-names\2.18.2\jackson-module-parameter-names-2.18.2.jar;C:\Users\Thiba\.m2\repository\org\springframework\boot\spring-boot-starter-reactor-netty\3.4.1\spring-boot-starter-reactor-netty-3.4.1.jar;C:\Users\Thiba\.m2\repository\io\projectreactor\netty\reactor-netty-http\1.2.1\reactor-netty-http-1.2.1.jar;C:\Users\Thiba\.m2\repository\io\netty\netty-codec-http\4.1.116.Final\netty-codec-http-4.1.116.Final.jar;C:\Users\Thiba\.m2\repository\io\netty\netty-common\4.1.116.Final\netty-common-4.1.116.Final.jar;C:\Users\Thiba\.m2\repository\io\netty\netty-buffer\4.1.116.Final\netty-buffer-4.1.116.Final.jar;C:\Users\Thiba\.m2\repository\io\netty\netty-transport\4.1.116.Final\netty-transport-4.1.116.Final.jar;C:\Users\Thiba\.m2\repository\io\netty\netty-codec\4.1.116.Final\netty-codec-4.1.116.Final.jar;C:\Users\Thiba\.m2\repository\io\netty\netty-handler\4.1.116.Final\netty-handler-4.1.116.Final.jar;C:\Users\Thiba\.m2\repository\io\netty\netty-codec-http2\4.1.116.Final\netty-codec-http2-4.1.116.Final.jar;C:\Users\Thiba\.m2\repository\io\netty\netty-resolver-dns\4.1.116.Final\netty-resolver-dns-4.1.116.Final.jar;C:\Users\Thiba\.m2\repository\io\netty\netty-resolver\4.1.116.Final\netty-resolver-4.1.116.Final.jar;C:\Users\Thiba\.m2\repository\io\netty\netty-codec-dns\4.1.116.Final\netty-codec-dns-4.1.116.Final.jar;C:\Users\Thiba\.m2\repository\io\netty\netty-resolver-dns-native-macos\4.1.116.Final\netty-resolver-dns-native-macos-4.1.116.Final-osx-x86_64.jar;C:\Users\Thiba\.m2\repository\io\netty\netty-resolver-dns-classes-macos\4.1.116.Final\netty-resolver-dns-classes-macos-4.1.116.Final.jar;C:\Users\Thiba\.m2\repository\io\netty\netty-transport-native-epoll\4.1.116.Final\netty-transport-native-epoll-4.1.116.Final-linux-x86_64.jar;C:\Users\Thiba\.m2\repository\io\netty\netty-transport-native-unix-common\4.1.116.Final\netty-transport-native-unix-common-4.1.116.Final.jar;C:\Users\Thiba\.m2\repository\io\netty\netty-transport-classes-epoll\4.1.116.Final\netty-transport-classes-epoll-4.1.116.Final.jar;C:\Users\Thiba\.m2\repository\io\projectreactor\netty\reactor-netty-core\1.2.1\reactor-netty-core-1.2.1.jar;C:\Users\Thiba\.m2\repository\io\netty\netty-handler-proxy\4.1.116.Final\netty-handler-proxy-4.1.116.Final.jar;C:\Users\Thiba\.m2\repository\io\netty\netty-codec-socks\4.1.116.Final\netty-codec-socks-4.1.116.Final.jar;C:\Users\Thiba\.m2\repository\org\springframework\spring-web\6.2.1\spring-web-6.2.1.jar;C:\Users\Thiba\.m2\repository\org\springframework\spring-beans\6.2.1\spring-beans-6.2.1.jar;C:\Users\Thiba\.m2\repository\org\springframework\spring-webflux\6.2.1\spring-webflux-6.2.1.jar;C:\Users\Thiba\.m2\repository\org\springframework\boot\spring-boot-devtools\3.4.1\spring-boot-devtools-3.4.1.jar;C:\Users\Thiba\.m2\repository\org\springframework\boot\spring-boot\3.4.1\spring-boot-3.4.1.jar;C:\Users\Thiba\.m2\repository\org\springframework\spring-context\6.2.1\spring-context-6.2.1.jar;C:\Users\Thiba\.m2\repository\org\springframework\spring-aop\6.2.1\spring-aop-6.2.1.jar;C:\Users\Thiba\.m2\repository\org\springframework\spring-expression\6.2.1\spring-expression-6.2.1.jar;C:\Users\Thiba\.m2\repository\org\springframework\boot\spring-boot-autoconfigure\3.4.1\spring-boot-autoconfigure-3.4.1.jar;C:\Users\Thiba\.m2\repository\io\micrometer\micrometer-registry-prometheus\1.14.2\micrometer-registry-prometheus-1.14.2.jar;C:\Users\Thiba\.m2\repository\io\micrometer\micrometer-core\1.14.2\micrometer-core-1.14.2.jar;C:\Users\Thiba\.m2\repository\org\hdrhistogram\HdrHistogram\2.2.2\HdrHistogram-2.2.2.jar;C:\Users\Thiba\.m2\repository\org\latencyutils\LatencyUtils\2.0.3\LatencyUtils-2.0.3.jar;C:\Users\Thiba\.m2\repository\io\prometheus\prometheus-metrics-core\1.3.5\prometheus-metrics-core-1.3.5.jar;C:\Users\Thiba\.m2\repository\io\prometheus\prometheus-metrics-model\1.3.5\prometheus-metrics-model-1.3.5.jar;C:\Users\Thiba\.m2\repository\io\prometheus\prometheus-metrics-config\1.3.5\prometheus-metrics-config-1.3.5.jar;C:\Users\Thiba\.m2\repository\io\prometheus\prometheus-metrics-tracer-common\1.3.5\prometheus-metrics-tracer-common-1.3.5.jar;C:\Users\Thiba\.m2\repository\io\prometheus\prometheus-metrics-exposition-formats\1.3.5\prometheus-metrics-exposition-formats-1.3.5.jar;C:\Users\Thiba\.m2\repository\io\prometheus\prometheus-metrics-exposition-textformats\1.3.5\prometheus-metrics-exposition-textformats-1.3.5.jar;C:\Users\Thiba\.m2\repository\org\springframework\boot\spring-boot-starter-test\3.4.1\spring-boot-starter-test-3.4.1.jar;C:\Users\Thiba\.m2\repository\org\springframework\boot\spring-boot-test\3.4.1\spring-boot-test-3.4.1.jar;C:\Users\Thiba\.m2\repository\org\springframework\boot\spring-boot-test-autoconfigure\3.4.1\spring-boot-test-autoconfigure-3.4.1.jar;C:\Users\Thiba\.m2\repository\com\jayway\jsonpath\json-path\2.9.0\json-path-2.9.0.jar;C:\Users\Thiba\.m2\repository\org\slf4j\slf4j-api\2.0.16\slf4j-api-2.0.16.jar;C:\Users\Thiba\.m2\repository\jakarta\xml\bind\jakarta.xml.bind-api\4.0.2\jakarta.xml.bind-api-4.0.2.jar;C:\Users\Thiba\.m2\repository\jakarta\activation\jakarta.activation-api\2.1.3\jakarta.activation-api-2.1.3.jar;C:\Users\Thiba\.m2\repository\net\minidev\json-smart\2.5.1\json-smart-2.5.1.jar;C:\Users\Thiba\.m2\repository\net\minidev\accessors-smart\2.5.1\accessors-smart-2.5.1.jar;C:\Users\Thiba\.m2\repository\org\ow2\asm\asm\9.6\asm-9.6.jar;C:\Users\Thiba\.m2\repository\org\assertj\assertj-core\3.26.3\assertj-core-3.26.3.jar;C:\Users\Thiba\.m2\repository\net\bytebuddy\byte-buddy\1.15.11\byte-buddy-1.15.11.jar;C:\Users\Thiba\.m2\repository\org\awaitility\awaitility\4.2.2\awaitility-4.2.2.jar;C:\Users\Thiba\.m2\repository\org\hamcrest\hamcrest\2.2\hamcrest-2.2.jar;C:\Users\Thiba\.m2\repository\org\junit\jupiter\junit-jupiter\5.11.4\junit-jupiter-5.11.4.jar;C:\Users\Thiba\.m2\repository\org\junit\jupiter\junit-jupiter-api\5.11.4\junit-jupiter-api-5.11.4.jar;C:\Users\Thiba\.m2\repository\org\opentest4j\opentest4j\1.3.0\opentest4j-1.3.0.jar;C:\Users\Thiba\.m2\repository\org\junit\platform\junit-platform-commons\1.11.4\junit-platform-commons-1.11.4.jar;C:\Users\Thiba\.m2\repository\org\apiguardian\apiguardian-api\1.1.2\apiguardian-api-1.1.2.jar;C:\Users\Thiba\.m2\repository\org\junit\jupiter\junit-jupiter-params\5.11.4\junit-jupiter-params-5.11.4.jar;C:\Users\Thiba\.m2\repository\org\junit\jupiter\junit-jupiter-engine\5.11.4\junit-jupiter-engine-5.11.4.jar;C:\Users\Thiba\.m2\repository\org\junit\platform\junit-platform-engine\1.11.4\junit-platform-engine-1.11.4.jar;C:\Users\Thiba\.m2\repository\org\mockito\mockito-core\5.14.2\mockito-core-5.14.2.jar;C:\Users\Thiba\.m2\repository\net\bytebuddy\byte-buddy-agent\1.15.11\byte-buddy-agent-1.15.11.jar;C:\Users\Thiba\.m2\repository\org\objenesis\objenesis\3.3\objenesis-3.3.jar;C:\Users\Thiba\.m2\repository\org\mockito\mockito-junit-jupiter\5.14.2\mockito-junit-jupiter-5.14.2.jar;C:\Users\Thiba\.m2\repository\org\skyscreamer\jsonassert\1.5.3\jsonassert-1.5.3.jar;C:\Users\Thiba\.m2\repository\com\vaadin\external\google\android-json\0.0.20131108.vaadin1\android-json-0.0.20131108.vaadin1.jar;C:\Users\Thiba\.m2\repository\org\springframework\spring-core\6.2.1\spring-core-6.2.1.jar;C:\Users\Thiba\.m2\repository\org\springframework\spring-jcl\6.2.1\spring-jcl-6.2.1.jar;C:\Users\Thiba\.m2\repository\org\springframework\spring-test\6.2.1\spring-test-6.2.1.jar;C:\Users\Thiba\.m2\repository\org\xmlunit\xmlunit-core\2.10.0\xmlunit-core-2.10.0.jar;C:\Users\Thiba\.m2\repository\io\projectreactor\reactor-test\3.7.1\reactor-test-3.7.1.jar;C:\Users\Thiba\.m2\repository\io\projectreactor\reactor-core\3.7.1\reactor-core-3.7.1.jar;C:\Users\Thiba\.m2\repository\org\reactivestreams\reactive-streams\1.0.4\reactive-streams-1.0.4.jar
Launcher Type: SUN_STANDARD

[Global flags]
     intx CICompilerCount                          = 12                                        {product} {ergonomic}
     uint ConcGCThreads                            = 3                                         {product} {ergonomic}
     uint G1ConcRefinementThreads                  = 13                                        {product} {ergonomic}
   size_t G1HeapRegionSize                         = 2097152                                   {product} {ergonomic}
    uintx GCDrainStackTargetSize                   = 64                                        {product} {ergonomic}
   size_t InitialHeapSize                          = 264241152                                 {product} {ergonomic}
   size_t MarkStackSize                            = 4194304                                   {product} {ergonomic}
   size_t MaxHeapSize                              = 4213178368                                {product} {ergonomic}
   size_t MaxNewSize                               = 2527068160                                {product} {ergonomic}
   size_t MinHeapDeltaBytes                        = 2097152                                   {product} {ergonomic}
   size_t MinHeapSize                              = 8388608                                   {product} {ergonomic}
    uintx NonNMethodCodeHeapSize                   = 7602480                                {pd product} {ergonomic}
    uintx NonProfiledCodeHeapSize                  = 122027880                              {pd product} {ergonomic}
    uintx ProfiledCodeHeapSize                     = 122027880                              {pd product} {ergonomic}
    uintx ReservedCodeCacheSize                    = 251658240                              {pd product} {ergonomic}
     bool SegmentedCodeCache                       = true                                      {product} {ergonomic}
   size_t SoftMaxHeapSize                          = 4213178368                             {manageable} {ergonomic}
     bool UseCompressedOops                        = true                           {product lp64_product} {ergonomic}
     bool UseG1GC                                  = true                                      {product} {ergonomic}
     bool UseLargePagesIndividualAllocation        = false                                  {pd product} {ergonomic}

Logging:
Log output configuration:
 #0: stdout all=off uptime,level,tags foldmultilines=false
 #1: stderr all=off uptime,level,tags foldmultilines=false

Environment Variables:
PATH=C:\Program Files\Common Files\Oracle\Java\javapath;C:\WINDOWS\system32;C:\WINDOWS;C:\WINDOWS\System32\Wbem;C:\WINDOWS\System32\WindowsPowerShell\v1.0\;C:\WINDOWS\System32\OpenSSH\;C:\Program Files\NVIDIA Corporation\NVIDIA app\NvDLISR;C:\Program Files (x86)\NVIDIA Corporation\PhysX\Common;C:\Program Files\Tailscale\;C:\Program Files\Git\cmd;C:\Program Files\Docker\Docker\resources\bin;C:\Program Files\MySQL\MySQL Shell 8.0\bin\;C:\Users\Thiba\AppData\Local\Microsoft\WindowsApps;C:\Users\Thiba\AppData\Local\Programs\Microsoft VS Code\bin;C:\Program Files\JetBrains\IntelliJ IDEA 2024.3.1\bin;
USERNAME=Thiba
OS=Windows_NT
PROCESSOR_IDENTIFIER=AMD64 Family 25 Model 68 Stepping 1, AuthenticAMD
TMP=C:\Users\Thiba\AppData\Local\Temp
TEMP=C:\Users\Thiba\AppData\Local\Temp




Periodic native trim disabled

---------------  S Y S T E M  ---------------

OS:
 Windows 11 , 64 bit Build 26100 (10.0.26100.2454)
OS uptime: 1 days 2:24 hours
Hyper-V role detected

CPU: total 16 (initial active 16) (16 cores per cpu, 2 threads per core) family 25 model 68 stepping 1 microcode 0xa404105, cx8, cmov, fxsr, ht, mmx, 3dnowpref, sse, sse2, sse3, ssse3, sse4a, sse4.1, sse4.2, popcnt, lzcnt, tsc, tscinvbit, avx, avx2, aes, erms, clmul, bmi1, bmi2, adx, sha, fma, vzeroupper, clflush, clflushopt, hv, rdtscp, rdpid, fsrm, f16c, cet_ss
Processor Information for processor 0
  Max Mhz: 3100, Current Mhz: 2002, Mhz Limit: 3100
Processor Information for processor 1
  Max Mhz: 3100, Current Mhz: 2002, Mhz Limit: 3100
Processor Information for processor 2
  Max Mhz: 3100, Current Mhz: 2002, Mhz Limit: 3100
Processor Information for processor 3
  Max Mhz: 3100, Current Mhz: 3100, Mhz Limit: 3100
Processor Information for processor 4
  Max Mhz: 3100, Current Mhz: 2002, Mhz Limit: 3100
Processor Information for processor 5
  Max Mhz: 3100, Current Mhz: 2002, Mhz Limit: 3100
Processor Information for processor 6
  Max Mhz: 3100, Current Mhz: 3100, Mhz Limit: 3100
Processor Information for processor 7
  Max Mhz: 3100, Current Mhz: 3100, Mhz Limit: 3100
Processor Information for processor 8
  Max Mhz: 3100, Current Mhz: 2002, Mhz Limit: 3100
Processor Information for processor 9
  Max Mhz: 3100, Current Mhz: 2002, Mhz Limit: 3100
Processor Information for processor 10
  Max Mhz: 3100, Current Mhz: 3100, Mhz Limit: 3100
Processor Information for processor 11
  Max Mhz: 3100, Current Mhz: 3100, Mhz Limit: 3100
Processor Information for processor 12
  Max Mhz: 3100, Current Mhz: 2002, Mhz Limit: 3100
Processor Information for processor 13
  Max Mhz: 3100, Current Mhz: 2002, Mhz Limit: 3100
Processor Information for processor 14
  Max Mhz: 3100, Current Mhz: 2002, Mhz Limit: 3100
Processor Information for processor 15
  Max Mhz: 3100, Current Mhz: 3100, Mhz Limit: 3100

Memory: 4k page, system-wide physical 16068M (4774M free)
TotalPageFile size 21444M (AvailPageFile size 3312M)
current process WorkingSet (physical memory assigned to process): 177M, peak: 177M
current process commit charge ("private bytes"): 441M, peak: 441M

vm_info: OpenJDK 64-Bit Server VM (21.0.5+11-LTS) for windows-amd64 JRE (21.0.5+11-LTS), built on 2024-10-11T20:58:34Z by "Administrator" with MS VC++ 16.10 / 16.11 (VS2019)

END.
